                                      1 ;--------------------------------------------------------
                                      2 ; File Created by SDCC : free open source ISO C Compiler 
                                      3 ; Version 4.3.2 #14228 (MINGW64)
                                      4 ;--------------------------------------------------------
                                      5 	.module SpriteSkeleton
                                      6 	.optsdcc -msm83
                                      7 	
                                      8 ;--------------------------------------------------------
                                      9 ; Public variables in this module
                                     10 ;--------------------------------------------------------
                                     11 	.globl _Destroy_SpriteSkeleton
                                     12 	.globl _Update_SpriteSkeleton
                                     13 	.globl _Start_SpriteSkeleton
                                     14 	.globl b_e_destroy
                                     15 	.globl _e_destroy
                                     16 	.globl b_e_management
                                     17 	.globl _e_management
                                     18 	.globl b_e_change_state
                                     19 	.globl _e_change_state
                                     20 	.globl b_e_start
                                     21 	.globl _e_start
                                     22 	.globl _SetSpriteAnim
                                     23 	.globl _a_skeleton_repelled
                                     24 	.globl _a_skeleton_h
                                     25 	.globl _a_skeleton_down
                                     26 	.globl _a_skeleton_up
                                     27 	.globl _a_skeleton_hidden
                                     28 	.globl ___bank_SpriteSkeleton
                                     29 	.globl b_skeleton_update_anim
                                     30 	.globl _skeleton_update_anim
                                     31 ;--------------------------------------------------------
                                     32 ; special function registers
                                     33 ;--------------------------------------------------------
                                     34 ;--------------------------------------------------------
                                     35 ; ram data
                                     36 ;--------------------------------------------------------
                                     37 	.area _DATA
                                     38 ;--------------------------------------------------------
                                     39 ; ram data
                                     40 ;--------------------------------------------------------
                                     41 	.area _INITIALIZED
                                     42 ;--------------------------------------------------------
                                     43 ; absolute external ram data
                                     44 ;--------------------------------------------------------
                                     45 	.area _DABS (ABS)
                                     46 ;--------------------------------------------------------
                                     47 ; global & static initialisations
                                     48 ;--------------------------------------------------------
                                     49 	.area _HOME
                                     50 	.area _GSINIT
                                     51 	.area _GSFINAL
                                     52 	.area _GSINIT
                                     53 ;--------------------------------------------------------
                                     54 ; Home
                                     55 ;--------------------------------------------------------
                                     56 	.area _HOME
                                     57 	.area _HOME
                                     58 ;--------------------------------------------------------
                                     59 ; code
                                     60 ;--------------------------------------------------------
                                     61 	.area _CODE_255
                           000000    62 	G$Start_SpriteSkeleton$0$0	= .
                                     63 	.globl	G$Start_SpriteSkeleton$0$0
                           000000    64 	C$SpriteSkeleton.c$29$0_0$185	= .
                                     65 	.globl	C$SpriteSkeleton.c$29$0_0$185
                                     66 ;SpriteSkeleton.c:29: void START(){
                                     67 ;	---------------------------------
                                     68 ; Function Start_SpriteSkeleton
                                     69 ; ---------------------------------
      000000                         70 _Start_SpriteSkeleton::
                           000000    71 	C$SpriteSkeleton.c$30$1_0$185	= .
                                     72 	.globl	C$SpriteSkeleton.c$30$1_0$185
                                     73 ;SpriteSkeleton.c:30: SetSpriteAnim(THIS, a_skeleton_hidden, 6);
      000000 3E 06            [ 8]   74 	ld	a, #0x06
      000002 F5               [16]   75 	push	af
      000003 33               [ 8]   76 	inc	sp
      000004 01r6Br00         [12]   77 	ld	bc, #_a_skeleton_hidden
      000007 21r00r00         [12]   78 	ld	hl, #_THIS
      00000A 2A               [ 8]   79 	ld	a, (hl+)
      00000B 5F               [ 4]   80 	ld	e, a
      00000C 56               [ 8]   81 	ld	d, (hl)
      00000D CDr00r00         [24]   82 	call	_SetSpriteAnim
                           000010    83 	C$SpriteSkeleton.c$31$1_1$186	= .
                                     84 	.globl	C$SpriteSkeleton.c$31$1_1$186
                                     85 ;SpriteSkeleton.c:31: struct EnemyInfo* e_data = (struct EnemyInfo*) THIS->custom_data;
      000010 21r00r00         [12]   86 	ld	hl, #_THIS
      000013 2A               [ 8]   87 	ld	a, (hl+)
      000014 46               [ 8]   88 	ld	b, (hl)
      000015 C6 1B            [ 8]   89 	add	a, #0x1b
      000017 4F               [ 4]   90 	ld	c, a
      000018 30 01            [12]   91 	jr	NC, 00112$
      00001A 04               [ 4]   92 	inc	b
      00001B                         93 00112$:
                           00001B    94 	C$SpriteSkeleton.c$32$1_1$186	= .
                                     95 	.globl	C$SpriteSkeleton.c$32$1_1$186
                                     96 ;SpriteSkeleton.c:32: e_data->frmskip = 16u;
      00001B 21 07 00         [12]   97 	ld	hl, #0x0007
      00001E 09               [ 8]   98 	add	hl, bc
      00001F 36 10            [12]   99 	ld	(hl), #0x10
                           000021   100 	C$SpriteSkeleton.c$33$1_1$186	= .
                                    101 	.globl	C$SpriteSkeleton.c$33$1_1$186
                                    102 ;SpriteSkeleton.c:33: e_start(e_data, IDLE_DOWN);
      000021 3E 03            [ 8]  103 	ld	a, #0x03
      000023 F5               [16]  104 	push	af
      000024 33               [ 8]  105 	inc	sp
      000025 C5               [16]  106 	push	bc
      000026 1Er00            [ 8]  107 	ld	e, #b_e_start
      000028 21r00r00         [12]  108 	ld	hl, #_e_start
      00002B CDr00r00         [24]  109 	call	___sdcc_bcall_ehl
      00002E E8 03            [16]  110 	add	sp, #3
                           000030   111 	C$SpriteSkeleton.c$34$1_1$186	= .
                                    112 	.globl	C$SpriteSkeleton.c$34$1_1$186
                                    113 ;SpriteSkeleton.c:34: if(_cpu != CGB_TYPE){
      000030 FAr00r00         [16]  114 	ld	a, (#__cpu)
      000033 D6 11            [ 8]  115 	sub	a, #0x11
      000035 28 14            [12]  116 	jr	Z, 00102$
                           000037   117 	C$SpriteSkeleton.c$35$2_1$187	= .
                                    118 	.globl	C$SpriteSkeleton.c$35$2_1$187
                                    119 ;SpriteSkeleton.c:35: OBP1_REG = PAL_DEF(0, 0, 1, 3);
      000037 3E D0            [ 8]  120 	ld	a, #0xd0
      000039 E0r00            [12]  121 	ldh	(_OBP1_REG + 0), a
                           00003B   122 	C$SpriteSkeleton.c$31$1_1$185	= .
                                    123 	.globl	C$SpriteSkeleton.c$31$1_1$185
                                    124 ;SpriteSkeleton.c:31: struct EnemyInfo* e_data = (struct EnemyInfo*) THIS->custom_data;
      00003B 21r00r00         [12]  125 	ld	hl, #_THIS
      00003E 2A               [ 8]  126 	ld	a, (hl+)
      00003F 4F               [ 4]  127 	ld	c, a
      000040 46               [ 8]  128 	ld	b, (hl)
                           000041   129 	C$SpriteSkeleton.c$36$1_1$185	= .
                                    130 	.globl	C$SpriteSkeleton.c$36$1_1$185
                                    131 ;SpriteSkeleton.c:36: SPRITE_SET_PALETTE(THIS,1);
      000041 03               [ 8]  132 	inc	bc
      000042 03               [ 8]  133 	inc	bc
      000043 03               [ 8]  134 	inc	bc
      000044 03               [ 8]  135 	inc	bc
      000045 0A               [ 8]  136 	ld	a, (bc)
      000046 CB A7            [ 8]  137 	res	4, a
      000048 CB E7            [ 8]  138 	set	4, a
      00004A 02               [ 8]  139 	ld	(bc), a
      00004B                        140 00102$:
                           00004B   141 	C$SpriteSkeleton.c$38$1_1$186	= .
                                    142 	.globl	C$SpriteSkeleton.c$38$1_1$186
                                    143 ;SpriteSkeleton.c:38: e_change_state(THIS, WALK_DOWN, THIS->type);
      00004B 21r00r00         [12]  144 	ld	hl, #_THIS
      00004E 2A               [ 8]  145 	ld	a, (hl+)
      00004F 4F               [ 4]  146 	ld	c, a
      000050 46               [ 8]  147 	ld	b, (hl)
      000051 21 13 00         [12]  148 	ld	hl, #0x0013
      000054 09               [ 8]  149 	add	hl, bc
      000055 66               [ 8]  150 	ld	h, (hl)
      000056 2E 09            [ 8]  151 	ld	l, #0x09
      000058 E5               [16]  152 	push	hl
      000059 21r00r00         [12]  153 	ld	hl, #_THIS
      00005C 2A               [ 8]  154 	ld	a, (hl+)
      00005D 5F               [ 4]  155 	ld	e, a
      00005E 56               [ 8]  156 	ld	d, (hl)
      00005F D5               [16]  157 	push	de
      000060 1Er00            [ 8]  158 	ld	e, #b_e_change_state
      000062 21r00r00         [12]  159 	ld	hl, #_e_change_state
      000065 CDr00r00         [24]  160 	call	___sdcc_bcall_ehl
      000068 E8 04            [16]  161 	add	sp, #4
                           00006A   162 	C$SpriteSkeleton.c$39$1_1$185	= .
                                    163 	.globl	C$SpriteSkeleton.c$39$1_1$185
                                    164 ;SpriteSkeleton.c:39: }
                           00006A   165 	C$SpriteSkeleton.c$39$1_1$185	= .
                                    166 	.globl	C$SpriteSkeleton.c$39$1_1$185
                           00006A   167 	XG$Start_SpriteSkeleton$0$0	= .
                                    168 	.globl	XG$Start_SpriteSkeleton$0$0
      00006A C9               [16]  169 	ret
                           0000FF   170 G$__bank_SpriteSkeleton$0_0$0 == 0x00ff
                           0000FF   171 ___bank_SpriteSkeleton	=	0x00ff
                           00006B   172 G$a_skeleton_hidden$0_0$0 == .
      00006B                        173 _a_skeleton_hidden:
      00006B 01                     174 	.db #0x01	; 1
      00006C 00                     175 	.db #0x00	; 0
                           00006D   176 G$a_skeleton_up$0_0$0 == .
      00006D                        177 _a_skeleton_up:
      00006D 02                     178 	.db #0x02	; 2
      00006E 01                     179 	.db #0x01	; 1
      00006F 02                     180 	.db #0x02	; 2
                           000070   181 G$a_skeleton_down$0_0$0 == .
      000070                        182 _a_skeleton_down:
      000070 02                     183 	.db #0x02	; 2
      000071 03                     184 	.db #0x03	; 3
      000072 04                     185 	.db #0x04	; 4
                           000073   186 G$a_skeleton_h$0_0$0 == .
      000073                        187 _a_skeleton_h:
      000073 02                     188 	.db #0x02	; 2
      000074 05                     189 	.db #0x05	; 5
      000075 06                     190 	.db #0x06	; 6
                           000076   191 G$a_skeleton_repelled$0_0$0 == .
      000076                        192 _a_skeleton_repelled:
      000076 04                     193 	.db #0x04	; 4
      000077 01                     194 	.db #0x01	; 1
      000078 05                     195 	.db #0x05	; 5
      000079 03                     196 	.db #0x03	; 3
      00007A 06                     197 	.db #0x06	; 6
                           00007B   198 	G$Update_SpriteSkeleton$0$0	= .
                                    199 	.globl	G$Update_SpriteSkeleton$0$0
                           00007B   200 	C$SpriteSkeleton.c$41$1_1$188	= .
                                    201 	.globl	C$SpriteSkeleton.c$41$1_1$188
                                    202 ;SpriteSkeleton.c:41: void UPDATE(){
                                    203 ;	---------------------------------
                                    204 ; Function Update_SpriteSkeleton
                                    205 ; ---------------------------------
      00007B                        206 _Update_SpriteSkeleton::
                           00007B   207 	C$SpriteSkeleton.c$42$1_0$188	= .
                                    208 	.globl	C$SpriteSkeleton.c$42$1_0$188
                                    209 ;SpriteSkeleton.c:42: struct EnemyInfo* e_data = (struct EnemyInfo*) THIS->custom_data;
      00007B 21r00r00         [12]  210 	ld	hl, #_THIS
      00007E 2A               [ 8]  211 	ld	a, (hl+)
      00007F 4F               [ 4]  212 	ld	c, a
      000080 46               [ 8]  213 	ld	b, (hl)
                           000081   214 	C$SpriteSkeleton.c$43$1_0$188	= .
                                    215 	.globl	C$SpriteSkeleton.c$43$1_0$188
                                    216 ;SpriteSkeleton.c:43: if(e_data->e_configured == 0){
      000081 21 21 00         [12]  217 	ld	hl, #0x21
      000084 09               [ 8]  218 	add	hl,bc
      000085 7E               [ 8]  219 	ld	a, (hl)
      000086 B7               [ 4]  220 	or	a, a
                           000087   221 	C$SpriteSkeleton.c$44$2_0$189	= .
                                    222 	.globl	C$SpriteSkeleton.c$44$2_0$189
                                    223 ;SpriteSkeleton.c:44: return;
      000087 C8               [20]  224 	ret	Z
                           000088   225 	C$SpriteSkeleton.c$46$1_0$188	= .
                                    226 	.globl	C$SpriteSkeleton.c$46$1_0$188
                                    227 ;SpriteSkeleton.c:46: e_management(THIS);
      000088 21r00r00         [12]  228 	ld	hl, #_THIS
      00008B 2A               [ 8]  229 	ld	a, (hl+)
      00008C 5F               [ 4]  230 	ld	e, a
      00008D 56               [ 8]  231 	ld	d, (hl)
      00008E D5               [16]  232 	push	de
      00008F 1Er00            [ 8]  233 	ld	e, #b_e_management
      000091 21r00r00         [12]  234 	ld	hl, #_e_management
      000094 CDr00r00         [24]  235 	call	___sdcc_bcall_ehl
      000097 E1               [12]  236 	pop	hl
                           000098   237 	C$SpriteSkeleton.c$47$1_0$188	= .
                                    238 	.globl	C$SpriteSkeleton.c$47$1_0$188
                                    239 ;SpriteSkeleton.c:47: }
                           000098   240 	C$SpriteSkeleton.c$47$1_0$188	= .
                                    241 	.globl	C$SpriteSkeleton.c$47$1_0$188
                           000098   242 	XG$Update_SpriteSkeleton$0$0	= .
                                    243 	.globl	XG$Update_SpriteSkeleton$0$0
      000098 C9               [16]  244 	ret
                           000099   245 	G$skeleton_update_anim$0$0	= .
                                    246 	.globl	G$skeleton_update_anim$0$0
                           000099   247 	C$SpriteSkeleton.c$49$1_0$191	= .
                                    248 	.globl	C$SpriteSkeleton.c$49$1_0$191
                                    249 ;SpriteSkeleton.c:49: void skeleton_update_anim(Sprite* s_enemy, SPRITE_STATES new_state) BANKED{
                                    250 ;	---------------------------------
                                    251 ; Function skeleton_update_anim
                                    252 ; ---------------------------------
                           0000FF   253 	b_skeleton_update_anim	= 255
      000099                        254 _skeleton_update_anim::
                           000099   255 	C$SpriteSkeleton.c$50$1_0$191	= .
                                    256 	.globl	C$SpriteSkeleton.c$50$1_0$191
                                    257 ;SpriteSkeleton.c:50: switch(new_state){
      000099 3E 0C            [ 8]  258 	ld	a, #0x0c
      00009B F8 08            [12]  259 	ldhl	sp,	#8
      00009D 96               [ 8]  260 	sub	a, (hl)
      00009E D8               [20]  261 	ret	C
                           00009F   262 	C$SpriteSkeleton.c$58$1_0$191	= .
                                    263 	.globl	C$SpriteSkeleton.c$58$1_0$191
                                    264 ;SpriteSkeleton.c:58: s_enemy->mirror = V_MIRROR;
      00009F 2B               [ 8]  265 	dec	hl
      0000A0 2B               [ 8]  266 	dec	hl
      0000A1 5E               [ 8]  267 	ld	e, (hl)
      0000A2 23               [ 8]  268 	inc	hl
      0000A3 56               [ 8]  269 	ld	d, (hl)
      0000A4 21 10 00         [12]  270 	ld	hl, #0x0010
      0000A7 19               [ 8]  271 	add	hl, de
      0000A8 4D               [ 4]  272 	ld	c, l
      0000A9 44               [ 4]  273 	ld	b, h
                           0000AA   274 	C$SpriteSkeleton.c$50$1_0$191	= .
                                    275 	.globl	C$SpriteSkeleton.c$50$1_0$191
                                    276 ;SpriteSkeleton.c:50: switch(new_state){
      0000AA D5               [16]  277 	push	de
      0000AB F8 0A            [12]  278 	ldhl	sp,	#10
      0000AD 5E               [ 8]  279 	ld	e, (hl)
      0000AE 16 00            [ 8]  280 	ld	d, #0x00
      0000B0 21rB8r00         [12]  281 	ld	hl, #00120$
      0000B3 19               [ 8]  282 	add	hl, de
      0000B4 19               [ 8]  283 	add	hl, de
      0000B5 19               [ 8]  284 	add	hl, de
      0000B6 D1               [12]  285 	pop	de
      0000B7 E9               [ 4]  286 	jp	(hl)
      0000B8                        287 00120$:
      0000B8 C3r29r01         [16]  288 	jp	00111$
      0000BB C3r29r01         [16]  289 	jp	00111$
      0000BE C3rDFr00         [16]  290 	jp	00102$
      0000C1 C3rEFr00         [16]  291 	jp	00104$
      0000C4 C3rFFr00         [16]  292 	jp	00106$
      0000C7 C3r0Dr01         [16]  293 	jp	00108$
      0000CA C3rFFr00         [16]  294 	jp	00106$
      0000CD C3r0Dr01         [16]  295 	jp	00108$
      0000D0 C3rDFr00         [16]  296 	jp	00102$
      0000D3 C3rEFr00         [16]  297 	jp	00104$
      0000D6 C3r29r01         [16]  298 	jp	00111$
      0000D9 C3r29r01         [16]  299 	jp	00111$
      0000DC C3r1Ar01         [16]  300 	jp	00109$
                           0000DF   301 	C$SpriteSkeleton.c$51$2_0$192	= .
                                    302 	.globl	C$SpriteSkeleton.c$51$2_0$192
                                    303 ;SpriteSkeleton.c:51: case IDLE_UP: case WALK_UP: 
      0000DF                        304 00102$:
                           0000DF   305 	C$SpriteSkeleton.c$52$2_0$192	= .
                                    306 	.globl	C$SpriteSkeleton.c$52$2_0$192
                                    307 ;SpriteSkeleton.c:52: SetSpriteAnim(s_enemy, a_skeleton_up, 6);
      0000DF 3E 06            [ 8]  308 	ld	a, #0x06
      0000E1 F5               [16]  309 	push	af
      0000E2 33               [ 8]  310 	inc	sp
      0000E3 01r6Dr00         [12]  311 	ld	bc, #_a_skeleton_up
      0000E6 F8 07            [12]  312 	ldhl	sp,	#7
      0000E8 2A               [ 8]  313 	ld	a, (hl+)
      0000E9 5F               [ 4]  314 	ld	e, a
      0000EA 56               [ 8]  315 	ld	d, (hl)
      0000EB CDr00r00         [24]  316 	call	_SetSpriteAnim
                           0000EE   317 	C$SpriteSkeleton.c$53$2_0$192	= .
                                    318 	.globl	C$SpriteSkeleton.c$53$2_0$192
                                    319 ;SpriteSkeleton.c:53: break;
      0000EE C9               [16]  320 	ret
                           0000EF   321 	C$SpriteSkeleton.c$54$2_0$192	= .
                                    322 	.globl	C$SpriteSkeleton.c$54$2_0$192
                                    323 ;SpriteSkeleton.c:54: case IDLE_DOWN: case WALK_DOWN:
      0000EF                        324 00104$:
                           0000EF   325 	C$SpriteSkeleton.c$55$2_0$192	= .
                                    326 	.globl	C$SpriteSkeleton.c$55$2_0$192
                                    327 ;SpriteSkeleton.c:55: SetSpriteAnim(s_enemy, a_skeleton_down, 6);
      0000EF 3E 06            [ 8]  328 	ld	a, #0x06
      0000F1 F5               [16]  329 	push	af
      0000F2 33               [ 8]  330 	inc	sp
      0000F3 01r70r00         [12]  331 	ld	bc, #_a_skeleton_down
      0000F6 F8 07            [12]  332 	ldhl	sp,	#7
      0000F8 2A               [ 8]  333 	ld	a, (hl+)
      0000F9 5F               [ 4]  334 	ld	e, a
      0000FA 56               [ 8]  335 	ld	d, (hl)
      0000FB CDr00r00         [24]  336 	call	_SetSpriteAnim
                           0000FE   337 	C$SpriteSkeleton.c$56$2_0$192	= .
                                    338 	.globl	C$SpriteSkeleton.c$56$2_0$192
                                    339 ;SpriteSkeleton.c:56: break;
      0000FE C9               [16]  340 	ret
                           0000FF   341 	C$SpriteSkeleton.c$57$2_0$192	= .
                                    342 	.globl	C$SpriteSkeleton.c$57$2_0$192
                                    343 ;SpriteSkeleton.c:57: case IDLE_LEFT: case WALK_LEFT:
      0000FF                        344 00106$:
                           0000FF   345 	C$SpriteSkeleton.c$58$2_0$192	= .
                                    346 	.globl	C$SpriteSkeleton.c$58$2_0$192
                                    347 ;SpriteSkeleton.c:58: s_enemy->mirror = V_MIRROR;
      0000FF 3E 02            [ 8]  348 	ld	a, #0x02
      000101 02               [ 8]  349 	ld	(bc), a
                           000102   350 	C$SpriteSkeleton.c$59$2_0$192	= .
                                    351 	.globl	C$SpriteSkeleton.c$59$2_0$192
                                    352 ;SpriteSkeleton.c:59: SetSpriteAnim(s_enemy, a_skeleton_h, 8);
      000102 3E 08            [ 8]  353 	ld	a, #0x08
      000104 F5               [16]  354 	push	af
      000105 33               [ 8]  355 	inc	sp
      000106 01r73r00         [12]  356 	ld	bc, #_a_skeleton_h
      000109 CDr00r00         [24]  357 	call	_SetSpriteAnim
                           00010C   358 	C$SpriteSkeleton.c$60$2_0$192	= .
                                    359 	.globl	C$SpriteSkeleton.c$60$2_0$192
                                    360 ;SpriteSkeleton.c:60: break;
      00010C C9               [16]  361 	ret
                           00010D   362 	C$SpriteSkeleton.c$61$2_0$192	= .
                                    363 	.globl	C$SpriteSkeleton.c$61$2_0$192
                                    364 ;SpriteSkeleton.c:61: case IDLE_RIGHT: case WALK_RIGHT: 
      00010D                        365 00108$:
                           00010D   366 	C$SpriteSkeleton.c$62$2_0$192	= .
                                    367 	.globl	C$SpriteSkeleton.c$62$2_0$192
                                    368 ;SpriteSkeleton.c:62: s_enemy->mirror = NO_MIRROR;
      00010D AF               [ 4]  369 	xor	a, a
      00010E 02               [ 8]  370 	ld	(bc), a
                           00010F   371 	C$SpriteSkeleton.c$63$2_0$192	= .
                                    372 	.globl	C$SpriteSkeleton.c$63$2_0$192
                                    373 ;SpriteSkeleton.c:63: SetSpriteAnim(s_enemy, a_skeleton_h, 8);
      00010F 3E 08            [ 8]  374 	ld	a, #0x08
      000111 F5               [16]  375 	push	af
      000112 33               [ 8]  376 	inc	sp
      000113 01r73r00         [12]  377 	ld	bc, #_a_skeleton_h
      000116 CDr00r00         [24]  378 	call	_SetSpriteAnim
                           000119   379 	C$SpriteSkeleton.c$64$2_0$192	= .
                                    380 	.globl	C$SpriteSkeleton.c$64$2_0$192
                                    381 ;SpriteSkeleton.c:64: break;
      000119 C9               [16]  382 	ret
                           00011A   383 	C$SpriteSkeleton.c$65$2_0$192	= .
                                    384 	.globl	C$SpriteSkeleton.c$65$2_0$192
                                    385 ;SpriteSkeleton.c:65: case HIT:
      00011A                        386 00109$:
                           00011A   387 	C$SpriteSkeleton.c$66$2_0$192	= .
                                    388 	.globl	C$SpriteSkeleton.c$66$2_0$192
                                    389 ;SpriteSkeleton.c:66: SetSpriteAnim(s_enemy, a_skeleton_repelled, 12);
      00011A 3E 0C            [ 8]  390 	ld	a, #0x0c
      00011C F5               [16]  391 	push	af
      00011D 33               [ 8]  392 	inc	sp
      00011E 01r76r00         [12]  393 	ld	bc, #_a_skeleton_repelled
      000121 F8 07            [12]  394 	ldhl	sp,	#7
      000123 2A               [ 8]  395 	ld	a, (hl+)
      000124 5F               [ 4]  396 	ld	e, a
      000125 56               [ 8]  397 	ld	d, (hl)
      000126 CDr00r00         [24]  398 	call	_SetSpriteAnim
                           000129   399 	C$SpriteSkeleton.c$68$1_0$191	= .
                                    400 	.globl	C$SpriteSkeleton.c$68$1_0$191
                                    401 ;SpriteSkeleton.c:68: }
      000129                        402 00111$:
                           000129   403 	C$SpriteSkeleton.c$69$1_0$191	= .
                                    404 	.globl	C$SpriteSkeleton.c$69$1_0$191
                                    405 ;SpriteSkeleton.c:69: }
                           000129   406 	C$SpriteSkeleton.c$69$1_0$191	= .
                                    407 	.globl	C$SpriteSkeleton.c$69$1_0$191
                           000129   408 	XG$skeleton_update_anim$0$0	= .
                                    409 	.globl	XG$skeleton_update_anim$0$0
      000129 C9               [16]  410 	ret
                           00012A   411 	G$Destroy_SpriteSkeleton$0$0	= .
                                    412 	.globl	G$Destroy_SpriteSkeleton$0$0
                           00012A   413 	C$SpriteSkeleton.c$71$1_0$193	= .
                                    414 	.globl	C$SpriteSkeleton.c$71$1_0$193
                                    415 ;SpriteSkeleton.c:71: void DESTROY(){
                                    416 ;	---------------------------------
                                    417 ; Function Destroy_SpriteSkeleton
                                    418 ; ---------------------------------
      00012A                        419 _Destroy_SpriteSkeleton::
                           00012A   420 	C$SpriteSkeleton.c$72$1_0$193	= .
                                    421 	.globl	C$SpriteSkeleton.c$72$1_0$193
                                    422 ;SpriteSkeleton.c:72: e_destroy(THIS, THIS->type);
      00012A 21r00r00         [12]  423 	ld	hl, #_THIS
      00012D 2A               [ 8]  424 	ld	a, (hl+)
      00012E 4F               [ 4]  425 	ld	c, a
      00012F 46               [ 8]  426 	ld	b, (hl)
      000130 21 13 00         [12]  427 	ld	hl, #0x0013
      000133 09               [ 8]  428 	add	hl, bc
      000134 7E               [ 8]  429 	ld	a, (hl)
      000135 F5               [16]  430 	push	af
      000136 33               [ 8]  431 	inc	sp
      000137 21r00r00         [12]  432 	ld	hl, #_THIS
      00013A 2A               [ 8]  433 	ld	a, (hl+)
      00013B 5F               [ 4]  434 	ld	e, a
      00013C 56               [ 8]  435 	ld	d, (hl)
      00013D D5               [16]  436 	push	de
      00013E 1Er00            [ 8]  437 	ld	e, #b_e_destroy
      000140 21r00r00         [12]  438 	ld	hl, #_e_destroy
      000143 CDr00r00         [24]  439 	call	___sdcc_bcall_ehl
      000146 E8 03            [16]  440 	add	sp, #3
                           000148   441 	C$SpriteSkeleton.c$73$1_0$193	= .
                                    442 	.globl	C$SpriteSkeleton.c$73$1_0$193
                                    443 ;SpriteSkeleton.c:73: }
                           000148   444 	C$SpriteSkeleton.c$73$1_0$193	= .
                                    445 	.globl	C$SpriteSkeleton.c$73$1_0$193
                           000148   446 	XG$Destroy_SpriteSkeleton$0$0	= .
                                    447 	.globl	XG$Destroy_SpriteSkeleton$0$0
      000148 C9               [16]  448 	ret
                                    449 	.area _CODE_255
                                    450 	.area _INITIALIZER
                                    451 	.area _CABS (ABS)
