                                      1 ;--------------------------------------------------------
                                      2 ; File Created by SDCC : free open source ISO C Compiler 
                                      3 ; Version 4.3.2 #14228 (MINGW64)
                                      4 ;--------------------------------------------------------
                                      5 	.module font_gbr
                                      6 	.optsdcc -msm83
                                      7 	
                                      8 ;--------------------------------------------------------
                                      9 ; Public variables in this module
                                     10 ;--------------------------------------------------------
                                     11 	.globl _font
                                     12 	.globl ___bank_font
                                     13 	.globl _font_tiles
                                     14 ;--------------------------------------------------------
                                     15 ; special function registers
                                     16 ;--------------------------------------------------------
                                     17 ;--------------------------------------------------------
                                     18 ; ram data
                                     19 ;--------------------------------------------------------
                                     20 	.area _DATA
                                     21 ;--------------------------------------------------------
                                     22 ; ram data
                                     23 ;--------------------------------------------------------
                                     24 	.area _INITIALIZED
                                     25 ;--------------------------------------------------------
                                     26 ; absolute external ram data
                                     27 ;--------------------------------------------------------
                                     28 	.area _DABS (ABS)
                                     29 ;--------------------------------------------------------
                                     30 ; global & static initialisations
                                     31 ;--------------------------------------------------------
                                     32 	.area _HOME
                                     33 	.area _GSINIT
                                     34 	.area _GSFINAL
                                     35 	.area _GSINIT
                                     36 ;--------------------------------------------------------
                                     37 ; Home
                                     38 ;--------------------------------------------------------
                                     39 	.area _HOME
                                     40 	.area _HOME
                                     41 ;--------------------------------------------------------
                                     42 ; code
                                     43 ;--------------------------------------------------------
                                     44 	.area _CODE_255
                                     45 	.area _CODE_255
                           000000    46 G$font_tiles$0_0$0 == .
      000000                         47 _font_tiles:
      000000 00                      48 	.db #0x00	; 0
      000001 00                      49 	.db #0x00	; 0
      000002 00                      50 	.db #0x00	; 0
      000003 00                      51 	.db #0x00	; 0
      000004 00                      52 	.db #0x00	; 0
      000005 00                      53 	.db #0x00	; 0
      000006 00                      54 	.db #0x00	; 0
      000007 00                      55 	.db #0x00	; 0
      000008 00                      56 	.db #0x00	; 0
      000009 00                      57 	.db #0x00	; 0
      00000A 00                      58 	.db #0x00	; 0
      00000B 00                      59 	.db #0x00	; 0
      00000C 00                      60 	.db #0x00	; 0
      00000D 00                      61 	.db #0x00	; 0
      00000E 00                      62 	.db #0x00	; 0
      00000F 00                      63 	.db #0x00	; 0
      000010 10                      64 	.db #0x10	; 16
      000011 10                      65 	.db #0x10	; 16
      000012 10                      66 	.db #0x10	; 16
      000013 10                      67 	.db #0x10	; 16
      000014 18                      68 	.db #0x18	; 24
      000015 18                      69 	.db #0x18	; 24
      000016 2C                      70 	.db #0x2c	; 44
      000017 2C                      71 	.db #0x2c	; 44
      000018 24                      72 	.db #0x24	; 36
      000019 24                      73 	.db #0x24	; 36
      00001A 7E                      74 	.db #0x7e	; 126
      00001B 7E                      75 	.db #0x7e	; 126
      00001C 66                      76 	.db #0x66	; 102	'f'
      00001D 66                      77 	.db #0x66	; 102	'f'
      00001E 00                      78 	.db #0x00	; 0
      00001F 00                      79 	.db #0x00	; 0
      000020 00                      80 	.db #0x00	; 0
      000021 00                      81 	.db #0x00	; 0
      000022 38                      82 	.db #0x38	; 56	'8'
      000023 38                      83 	.db #0x38	; 56	'8'
      000024 24                      84 	.db #0x24	; 36
      000025 24                      85 	.db #0x24	; 36
      000026 38                      86 	.db #0x38	; 56	'8'
      000027 38                      87 	.db #0x38	; 56	'8'
      000028 24                      88 	.db #0x24	; 36
      000029 24                      89 	.db #0x24	; 36
      00002A 2C                      90 	.db #0x2c	; 44
      00002B 2C                      91 	.db #0x2c	; 44
      00002C 38                      92 	.db #0x38	; 56	'8'
      00002D 38                      93 	.db #0x38	; 56	'8'
      00002E 00                      94 	.db #0x00	; 0
      00002F 00                      95 	.db #0x00	; 0
      000030 00                      96 	.db #0x00	; 0
      000031 00                      97 	.db #0x00	; 0
      000032 0C                      98 	.db #0x0c	; 12
      000033 0C                      99 	.db #0x0c	; 12
      000034 14                     100 	.db #0x14	; 20
      000035 14                     101 	.db #0x14	; 20
      000036 20                     102 	.db #0x20	; 32
      000037 20                     103 	.db #0x20	; 32
      000038 20                     104 	.db #0x20	; 32
      000039 20                     105 	.db #0x20	; 32
      00003A 14                     106 	.db #0x14	; 20
      00003B 14                     107 	.db #0x14	; 20
      00003C 0C                     108 	.db #0x0c	; 12
      00003D 0C                     109 	.db #0x0c	; 12
      00003E 00                     110 	.db #0x00	; 0
      00003F 00                     111 	.db #0x00	; 0
      000040 00                     112 	.db #0x00	; 0
      000041 00                     113 	.db #0x00	; 0
      000042 30                     114 	.db #0x30	; 48	'0'
      000043 30                     115 	.db #0x30	; 48	'0'
      000044 28                     116 	.db #0x28	; 40
      000045 28                     117 	.db #0x28	; 40
      000046 24                     118 	.db #0x24	; 36
      000047 24                     119 	.db #0x24	; 36
      000048 28                     120 	.db #0x28	; 40
      000049 28                     121 	.db #0x28	; 40
      00004A 30                     122 	.db #0x30	; 48	'0'
      00004B 30                     123 	.db #0x30	; 48	'0'
      00004C 20                     124 	.db #0x20	; 32
      00004D 20                     125 	.db #0x20	; 32
      00004E 00                     126 	.db #0x00	; 0
      00004F 00                     127 	.db #0x00	; 0
      000050 00                     128 	.db #0x00	; 0
      000051 00                     129 	.db #0x00	; 0
      000052 3C                     130 	.db #0x3c	; 60
      000053 3C                     131 	.db #0x3c	; 60
      000054 20                     132 	.db #0x20	; 32
      000055 20                     133 	.db #0x20	; 32
      000056 18                     134 	.db #0x18	; 24
      000057 18                     135 	.db #0x18	; 24
      000058 18                     136 	.db #0x18	; 24
      000059 18                     137 	.db #0x18	; 24
      00005A 20                     138 	.db #0x20	; 32
      00005B 20                     139 	.db #0x20	; 32
      00005C 3C                     140 	.db #0x3c	; 60
      00005D 3C                     141 	.db #0x3c	; 60
      00005E 00                     142 	.db #0x00	; 0
      00005F 00                     143 	.db #0x00	; 0
      000060 00                     144 	.db #0x00	; 0
      000061 00                     145 	.db #0x00	; 0
      000062 3C                     146 	.db #0x3c	; 60
      000063 3C                     147 	.db #0x3c	; 60
      000064 10                     148 	.db #0x10	; 16
      000065 10                     149 	.db #0x10	; 16
      000066 10                     150 	.db #0x10	; 16
      000067 10                     151 	.db #0x10	; 16
      000068 18                     152 	.db #0x18	; 24
      000069 18                     153 	.db #0x18	; 24
      00006A 10                     154 	.db #0x10	; 16
      00006B 10                     155 	.db #0x10	; 16
      00006C 10                     156 	.db #0x10	; 16
      00006D 10                     157 	.db #0x10	; 16
      00006E 00                     158 	.db #0x00	; 0
      00006F 00                     159 	.db #0x00	; 0
      000070 00                     160 	.db #0x00	; 0
      000071 00                     161 	.db #0x00	; 0
      000072 18                     162 	.db #0x18	; 24
      000073 18                     163 	.db #0x18	; 24
      000074 24                     164 	.db #0x24	; 36
      000075 24                     165 	.db #0x24	; 36
      000076 20                     166 	.db #0x20	; 32
      000077 20                     167 	.db #0x20	; 32
      000078 2C                     168 	.db #0x2c	; 44
      000079 2C                     169 	.db #0x2c	; 44
      00007A 34                     170 	.db #0x34	; 52	'4'
      00007B 34                     171 	.db #0x34	; 52	'4'
      00007C 18                     172 	.db #0x18	; 24
      00007D 18                     173 	.db #0x18	; 24
      00007E 00                     174 	.db #0x00	; 0
      00007F 00                     175 	.db #0x00	; 0
      000080 00                     176 	.db #0x00	; 0
      000081 00                     177 	.db #0x00	; 0
      000082 24                     178 	.db #0x24	; 36
      000083 24                     179 	.db #0x24	; 36
      000084 3C                     180 	.db #0x3c	; 60
      000085 3C                     181 	.db #0x3c	; 60
      000086 3C                     182 	.db #0x3c	; 60
      000087 3C                     183 	.db #0x3c	; 60
      000088 24                     184 	.db #0x24	; 36
      000089 24                     185 	.db #0x24	; 36
      00008A 24                     186 	.db #0x24	; 36
      00008B 24                     187 	.db #0x24	; 36
      00008C 24                     188 	.db #0x24	; 36
      00008D 24                     189 	.db #0x24	; 36
      00008E 00                     190 	.db #0x00	; 0
      00008F 00                     191 	.db #0x00	; 0
      000090 00                     192 	.db #0x00	; 0
      000091 00                     193 	.db #0x00	; 0
      000092 3C                     194 	.db #0x3c	; 60
      000093 3C                     195 	.db #0x3c	; 60
      000094 18                     196 	.db #0x18	; 24
      000095 18                     197 	.db #0x18	; 24
      000096 18                     198 	.db #0x18	; 24
      000097 18                     199 	.db #0x18	; 24
      000098 18                     200 	.db #0x18	; 24
      000099 18                     201 	.db #0x18	; 24
      00009A 18                     202 	.db #0x18	; 24
      00009B 18                     203 	.db #0x18	; 24
      00009C 3C                     204 	.db #0x3c	; 60
      00009D 3C                     205 	.db #0x3c	; 60
      00009E 00                     206 	.db #0x00	; 0
      00009F 00                     207 	.db #0x00	; 0
      0000A0 00                     208 	.db #0x00	; 0
      0000A1 00                     209 	.db #0x00	; 0
      0000A2 3C                     210 	.db #0x3c	; 60
      0000A3 3C                     211 	.db #0x3c	; 60
      0000A4 08                     212 	.db #0x08	; 8
      0000A5 08                     213 	.db #0x08	; 8
      0000A6 08                     214 	.db #0x08	; 8
      0000A7 08                     215 	.db #0x08	; 8
      0000A8 08                     216 	.db #0x08	; 8
      0000A9 08                     217 	.db #0x08	; 8
      0000AA 18                     218 	.db #0x18	; 24
      0000AB 18                     219 	.db #0x18	; 24
      0000AC 38                     220 	.db #0x38	; 56	'8'
      0000AD 38                     221 	.db #0x38	; 56	'8'
      0000AE 00                     222 	.db #0x00	; 0
      0000AF 00                     223 	.db #0x00	; 0
      0000B0 00                     224 	.db #0x00	; 0
      0000B1 00                     225 	.db #0x00	; 0
      0000B2 24                     226 	.db #0x24	; 36
      0000B3 24                     227 	.db #0x24	; 36
      0000B4 28                     228 	.db #0x28	; 40
      0000B5 28                     229 	.db #0x28	; 40
      0000B6 30                     230 	.db #0x30	; 48	'0'
      0000B7 30                     231 	.db #0x30	; 48	'0'
      0000B8 28                     232 	.db #0x28	; 40
      0000B9 28                     233 	.db #0x28	; 40
      0000BA 24                     234 	.db #0x24	; 36
      0000BB 24                     235 	.db #0x24	; 36
      0000BC 24                     236 	.db #0x24	; 36
      0000BD 24                     237 	.db #0x24	; 36
      0000BE 00                     238 	.db #0x00	; 0
      0000BF 00                     239 	.db #0x00	; 0
      0000C0 00                     240 	.db #0x00	; 0
      0000C1 00                     241 	.db #0x00	; 0
      0000C2 10                     242 	.db #0x10	; 16
      0000C3 10                     243 	.db #0x10	; 16
      0000C4 10                     244 	.db #0x10	; 16
      0000C5 10                     245 	.db #0x10	; 16
      0000C6 10                     246 	.db #0x10	; 16
      0000C7 10                     247 	.db #0x10	; 16
      0000C8 10                     248 	.db #0x10	; 16
      0000C9 10                     249 	.db #0x10	; 16
      0000CA 10                     250 	.db #0x10	; 16
      0000CB 10                     251 	.db #0x10	; 16
      0000CC 3C                     252 	.db #0x3c	; 60
      0000CD 3C                     253 	.db #0x3c	; 60
      0000CE 00                     254 	.db #0x00	; 0
      0000CF 00                     255 	.db #0x00	; 0
      0000D0 00                     256 	.db #0x00	; 0
      0000D1 00                     257 	.db #0x00	; 0
      0000D2 42                     258 	.db #0x42	; 66	'B'
      0000D3 42                     259 	.db #0x42	; 66	'B'
      0000D4 66                     260 	.db #0x66	; 102	'f'
      0000D5 66                     261 	.db #0x66	; 102	'f'
      0000D6 5A                     262 	.db #0x5a	; 90	'Z'
      0000D7 5A                     263 	.db #0x5a	; 90	'Z'
      0000D8 5A                     264 	.db #0x5a	; 90	'Z'
      0000D9 5A                     265 	.db #0x5a	; 90	'Z'
      0000DA 5A                     266 	.db #0x5a	; 90	'Z'
      0000DB 5A                     267 	.db #0x5a	; 90	'Z'
      0000DC 5A                     268 	.db #0x5a	; 90	'Z'
      0000DD 5A                     269 	.db #0x5a	; 90	'Z'
      0000DE 00                     270 	.db #0x00	; 0
      0000DF 00                     271 	.db #0x00	; 0
      0000E0 00                     272 	.db #0x00	; 0
      0000E1 00                     273 	.db #0x00	; 0
      0000E2 24                     274 	.db #0x24	; 36
      0000E3 24                     275 	.db #0x24	; 36
      0000E4 34                     276 	.db #0x34	; 52	'4'
      0000E5 34                     277 	.db #0x34	; 52	'4'
      0000E6 2C                     278 	.db #0x2c	; 44
      0000E7 2C                     279 	.db #0x2c	; 44
      0000E8 24                     280 	.db #0x24	; 36
      0000E9 24                     281 	.db #0x24	; 36
      0000EA 24                     282 	.db #0x24	; 36
      0000EB 24                     283 	.db #0x24	; 36
      0000EC 24                     284 	.db #0x24	; 36
      0000ED 24                     285 	.db #0x24	; 36
      0000EE 00                     286 	.db #0x00	; 0
      0000EF 00                     287 	.db #0x00	; 0
      0000F0 00                     288 	.db #0x00	; 0
      0000F1 00                     289 	.db #0x00	; 0
      0000F2 18                     290 	.db #0x18	; 24
      0000F3 18                     291 	.db #0x18	; 24
      0000F4 24                     292 	.db #0x24	; 36
      0000F5 24                     293 	.db #0x24	; 36
      0000F6 24                     294 	.db #0x24	; 36
      0000F7 24                     295 	.db #0x24	; 36
      0000F8 18                     296 	.db #0x18	; 24
      0000F9 18                     297 	.db #0x18	; 24
      0000FA 00                     298 	.db #0x00	; 0
      0000FB 00                     299 	.db #0x00	; 0
      0000FC 3C                     300 	.db #0x3c	; 60
      0000FD 3C                     301 	.db #0x3c	; 60
      0000FE 00                     302 	.db #0x00	; 0
      0000FF 00                     303 	.db #0x00	; 0
      000100 00                     304 	.db #0x00	; 0
      000101 00                     305 	.db #0x00	; 0
      000102 38                     306 	.db #0x38	; 56	'8'
      000103 38                     307 	.db #0x38	; 56	'8'
      000104 24                     308 	.db #0x24	; 36
      000105 24                     309 	.db #0x24	; 36
      000106 28                     310 	.db #0x28	; 40
      000107 28                     311 	.db #0x28	; 40
      000108 30                     312 	.db #0x30	; 48	'0'
      000109 30                     313 	.db #0x30	; 48	'0'
      00010A 20                     314 	.db #0x20	; 32
      00010B 20                     315 	.db #0x20	; 32
      00010C 20                     316 	.db #0x20	; 32
      00010D 20                     317 	.db #0x20	; 32
      00010E 00                     318 	.db #0x00	; 0
      00010F 00                     319 	.db #0x00	; 0
      000110 00                     320 	.db #0x00	; 0
      000111 00                     321 	.db #0x00	; 0
      000112 18                     322 	.db #0x18	; 24
      000113 18                     323 	.db #0x18	; 24
      000114 24                     324 	.db #0x24	; 36
      000115 24                     325 	.db #0x24	; 36
      000116 44                     326 	.db #0x44	; 68	'D'
      000117 44                     327 	.db #0x44	; 68	'D'
      000118 54                     328 	.db #0x54	; 84	'T'
      000119 54                     329 	.db #0x54	; 84	'T'
      00011A 4C                     330 	.db #0x4c	; 76	'L'
      00011B 4C                     331 	.db #0x4c	; 76	'L'
      00011C 3C                     332 	.db #0x3c	; 60
      00011D 3C                     333 	.db #0x3c	; 60
      00011E 00                     334 	.db #0x00	; 0
      00011F 00                     335 	.db #0x00	; 0
      000120 00                     336 	.db #0x00	; 0
      000121 00                     337 	.db #0x00	; 0
      000122 3C                     338 	.db #0x3c	; 60
      000123 3C                     339 	.db #0x3c	; 60
      000124 24                     340 	.db #0x24	; 36
      000125 24                     341 	.db #0x24	; 36
      000126 28                     342 	.db #0x28	; 40
      000127 28                     343 	.db #0x28	; 40
      000128 30                     344 	.db #0x30	; 48	'0'
      000129 30                     345 	.db #0x30	; 48	'0'
      00012A 28                     346 	.db #0x28	; 40
      00012B 28                     347 	.db #0x28	; 40
      00012C 24                     348 	.db #0x24	; 36
      00012D 24                     349 	.db #0x24	; 36
      00012E 00                     350 	.db #0x00	; 0
      00012F 00                     351 	.db #0x00	; 0
      000130 00                     352 	.db #0x00	; 0
      000131 00                     353 	.db #0x00	; 0
      000132 08                     354 	.db #0x08	; 8
      000133 08                     355 	.db #0x08	; 8
      000134 10                     356 	.db #0x10	; 16
      000135 10                     357 	.db #0x10	; 16
      000136 20                     358 	.db #0x20	; 32
      000137 20                     359 	.db #0x20	; 32
      000138 10                     360 	.db #0x10	; 16
      000139 10                     361 	.db #0x10	; 16
      00013A 08                     362 	.db #0x08	; 8
      00013B 08                     363 	.db #0x08	; 8
      00013C 10                     364 	.db #0x10	; 16
      00013D 10                     365 	.db #0x10	; 16
      00013E 00                     366 	.db #0x00	; 0
      00013F 00                     367 	.db #0x00	; 0
      000140 00                     368 	.db #0x00	; 0
      000141 00                     369 	.db #0x00	; 0
      000142 3C                     370 	.db #0x3c	; 60
      000143 3C                     371 	.db #0x3c	; 60
      000144 10                     372 	.db #0x10	; 16
      000145 10                     373 	.db #0x10	; 16
      000146 10                     374 	.db #0x10	; 16
      000147 10                     375 	.db #0x10	; 16
      000148 10                     376 	.db #0x10	; 16
      000149 10                     377 	.db #0x10	; 16
      00014A 10                     378 	.db #0x10	; 16
      00014B 10                     379 	.db #0x10	; 16
      00014C 10                     380 	.db #0x10	; 16
      00014D 10                     381 	.db #0x10	; 16
      00014E 00                     382 	.db #0x00	; 0
      00014F 00                     383 	.db #0x00	; 0
      000150 00                     384 	.db #0x00	; 0
      000151 00                     385 	.db #0x00	; 0
      000152 28                     386 	.db #0x28	; 40
      000153 28                     387 	.db #0x28	; 40
      000154 28                     388 	.db #0x28	; 40
      000155 28                     389 	.db #0x28	; 40
      000156 28                     390 	.db #0x28	; 40
      000157 28                     391 	.db #0x28	; 40
      000158 28                     392 	.db #0x28	; 40
      000159 28                     393 	.db #0x28	; 40
      00015A 28                     394 	.db #0x28	; 40
      00015B 28                     395 	.db #0x28	; 40
      00015C 3C                     396 	.db #0x3c	; 60
      00015D 3C                     397 	.db #0x3c	; 60
      00015E 00                     398 	.db #0x00	; 0
      00015F 00                     399 	.db #0x00	; 0
      000160 00                     400 	.db #0x00	; 0
      000161 00                     401 	.db #0x00	; 0
      000162 24                     402 	.db #0x24	; 36
      000163 24                     403 	.db #0x24	; 36
      000164 24                     404 	.db #0x24	; 36
      000165 24                     405 	.db #0x24	; 36
      000166 24                     406 	.db #0x24	; 36
      000167 24                     407 	.db #0x24	; 36
      000168 34                     408 	.db #0x34	; 52	'4'
      000169 34                     409 	.db #0x34	; 52	'4'
      00016A 14                     410 	.db #0x14	; 20
      00016B 14                     411 	.db #0x14	; 20
      00016C 08                     412 	.db #0x08	; 8
      00016D 08                     413 	.db #0x08	; 8
      00016E 00                     414 	.db #0x00	; 0
      00016F 00                     415 	.db #0x00	; 0
      000170 00                     416 	.db #0x00	; 0
      000171 00                     417 	.db #0x00	; 0
      000172 24                     418 	.db #0x24	; 36
      000173 24                     419 	.db #0x24	; 36
      000174 24                     420 	.db #0x24	; 36
      000175 24                     421 	.db #0x24	; 36
      000176 2C                     422 	.db #0x2c	; 44
      000177 2C                     423 	.db #0x2c	; 44
      000178 2C                     424 	.db #0x2c	; 44
      000179 2C                     425 	.db #0x2c	; 44
      00017A 3C                     426 	.db #0x3c	; 60
      00017B 3C                     427 	.db #0x3c	; 60
      00017C 1C                     428 	.db #0x1c	; 28
      00017D 1C                     429 	.db #0x1c	; 28
      00017E 00                     430 	.db #0x00	; 0
      00017F 00                     431 	.db #0x00	; 0
      000180 00                     432 	.db #0x00	; 0
      000181 00                     433 	.db #0x00	; 0
      000182 24                     434 	.db #0x24	; 36
      000183 24                     435 	.db #0x24	; 36
      000184 24                     436 	.db #0x24	; 36
      000185 24                     437 	.db #0x24	; 36
      000186 18                     438 	.db #0x18	; 24
      000187 18                     439 	.db #0x18	; 24
      000188 18                     440 	.db #0x18	; 24
      000189 18                     441 	.db #0x18	; 24
      00018A 24                     442 	.db #0x24	; 36
      00018B 24                     443 	.db #0x24	; 36
      00018C 24                     444 	.db #0x24	; 36
      00018D 24                     445 	.db #0x24	; 36
      00018E 00                     446 	.db #0x00	; 0
      00018F 00                     447 	.db #0x00	; 0
      000190 00                     448 	.db #0x00	; 0
      000191 00                     449 	.db #0x00	; 0
      000192 24                     450 	.db #0x24	; 36
      000193 24                     451 	.db #0x24	; 36
      000194 24                     452 	.db #0x24	; 36
      000195 24                     453 	.db #0x24	; 36
      000196 18                     454 	.db #0x18	; 24
      000197 18                     455 	.db #0x18	; 24
      000198 18                     456 	.db #0x18	; 24
      000199 18                     457 	.db #0x18	; 24
      00019A 18                     458 	.db #0x18	; 24
      00019B 18                     459 	.db #0x18	; 24
      00019C 18                     460 	.db #0x18	; 24
      00019D 18                     461 	.db #0x18	; 24
      00019E 00                     462 	.db #0x00	; 0
      00019F 00                     463 	.db #0x00	; 0
      0001A0 00                     464 	.db #0x00	; 0
      0001A1 00                     465 	.db #0x00	; 0
      0001A2 3C                     466 	.db #0x3c	; 60
      0001A3 3C                     467 	.db #0x3c	; 60
      0001A4 0C                     468 	.db #0x0c	; 12
      0001A5 0C                     469 	.db #0x0c	; 12
      0001A6 08                     470 	.db #0x08	; 8
      0001A7 08                     471 	.db #0x08	; 8
      0001A8 3C                     472 	.db #0x3c	; 60
      0001A9 3C                     473 	.db #0x3c	; 60
      0001AA 10                     474 	.db #0x10	; 16
      0001AB 10                     475 	.db #0x10	; 16
      0001AC 3C                     476 	.db #0x3c	; 60
      0001AD 3C                     477 	.db #0x3c	; 60
      0001AE 00                     478 	.db #0x00	; 0
      0001AF 00                     479 	.db #0x00	; 0
      0001B0 00                     480 	.db #0x00	; 0
      0001B1 00                     481 	.db #0x00	; 0
      0001B2 3C                     482 	.db #0x3c	; 60
      0001B3 3C                     483 	.db #0x3c	; 60
      0001B4 24                     484 	.db #0x24	; 36
      0001B5 24                     485 	.db #0x24	; 36
      0001B6 24                     486 	.db #0x24	; 36
      0001B7 24                     487 	.db #0x24	; 36
      0001B8 24                     488 	.db #0x24	; 36
      0001B9 24                     489 	.db #0x24	; 36
      0001BA 2C                     490 	.db #0x2c	; 44
      0001BB 2C                     491 	.db #0x2c	; 44
      0001BC 38                     492 	.db #0x38	; 56	'8'
      0001BD 38                     493 	.db #0x38	; 56	'8'
      0001BE 00                     494 	.db #0x00	; 0
      0001BF 00                     495 	.db #0x00	; 0
      0001C0 00                     496 	.db #0x00	; 0
      0001C1 00                     497 	.db #0x00	; 0
      0001C2 20                     498 	.db #0x20	; 32
      0001C3 20                     499 	.db #0x20	; 32
      0001C4 10                     500 	.db #0x10	; 16
      0001C5 10                     501 	.db #0x10	; 16
      0001C6 10                     502 	.db #0x10	; 16
      0001C7 10                     503 	.db #0x10	; 16
      0001C8 10                     504 	.db #0x10	; 16
      0001C9 10                     505 	.db #0x10	; 16
      0001CA 18                     506 	.db #0x18	; 24
      0001CB 18                     507 	.db #0x18	; 24
      0001CC 08                     508 	.db #0x08	; 8
      0001CD 08                     509 	.db #0x08	; 8
      0001CE 00                     510 	.db #0x00	; 0
      0001CF 00                     511 	.db #0x00	; 0
      0001D0 00                     512 	.db #0x00	; 0
      0001D1 00                     513 	.db #0x00	; 0
      0001D2 7C                     514 	.db #0x7c	; 124
      0001D3 7C                     515 	.db #0x7c	; 124
      0001D4 04                     516 	.db #0x04	; 4
      0001D5 04                     517 	.db #0x04	; 4
      0001D6 18                     518 	.db #0x18	; 24
      0001D7 18                     519 	.db #0x18	; 24
      0001D8 30                     520 	.db #0x30	; 48	'0'
      0001D9 30                     521 	.db #0x30	; 48	'0'
      0001DA 38                     522 	.db #0x38	; 56	'8'
      0001DB 38                     523 	.db #0x38	; 56	'8'
      0001DC 00                     524 	.db #0x00	; 0
      0001DD 00                     525 	.db #0x00	; 0
      0001DE 00                     526 	.db #0x00	; 0
      0001DF 00                     527 	.db #0x00	; 0
      0001E0 00                     528 	.db #0x00	; 0
      0001E1 00                     529 	.db #0x00	; 0
      0001E2 78                     530 	.db #0x78	; 120	'x'
      0001E3 78                     531 	.db #0x78	; 120	'x'
      0001E4 08                     532 	.db #0x08	; 8
      0001E5 08                     533 	.db #0x08	; 8
      0001E6 38                     534 	.db #0x38	; 56	'8'
      0001E7 38                     535 	.db #0x38	; 56	'8'
      0001E8 3C                     536 	.db #0x3c	; 60
      0001E9 3C                     537 	.db #0x3c	; 60
      0001EA 0C                     538 	.db #0x0c	; 12
      0001EB 0C                     539 	.db #0x0c	; 12
      0001EC 38                     540 	.db #0x38	; 56	'8'
      0001ED 38                     541 	.db #0x38	; 56	'8'
      0001EE 00                     542 	.db #0x00	; 0
      0001EF 00                     543 	.db #0x00	; 0
      0001F0 00                     544 	.db #0x00	; 0
      0001F1 00                     545 	.db #0x00	; 0
      0001F2 0C                     546 	.db #0x0c	; 12
      0001F3 0C                     547 	.db #0x0c	; 12
      0001F4 1C                     548 	.db #0x1c	; 28
      0001F5 1C                     549 	.db #0x1c	; 28
      0001F6 34                     550 	.db #0x34	; 52	'4'
      0001F7 34                     551 	.db #0x34	; 52	'4'
      0001F8 64                     552 	.db #0x64	; 100	'd'
      0001F9 64                     553 	.db #0x64	; 100	'd'
      0001FA FC                     554 	.db #0xfc	; 252
      0001FB FC                     555 	.db #0xfc	; 252
      0001FC 04                     556 	.db #0x04	; 4
      0001FD 04                     557 	.db #0x04	; 4
      0001FE 00                     558 	.db #0x00	; 0
      0001FF 00                     559 	.db #0x00	; 0
      000200 0C                     560 	.db #0x0c	; 12
      000201 0C                     561 	.db #0x0c	; 12
      000202 78                     562 	.db #0x78	; 120	'x'
      000203 78                     563 	.db #0x78	; 120	'x'
      000204 60                     564 	.db #0x60	; 96
      000205 60                     565 	.db #0x60	; 96
      000206 3C                     566 	.db #0x3c	; 60
      000207 3C                     567 	.db #0x3c	; 60
      000208 04                     568 	.db #0x04	; 4
      000209 04                     569 	.db #0x04	; 4
      00020A 44                     570 	.db #0x44	; 68	'D'
      00020B 44                     571 	.db #0x44	; 68	'D'
      00020C 7C                     572 	.db #0x7c	; 124
      00020D 7C                     573 	.db #0x7c	; 124
      00020E 00                     574 	.db #0x00	; 0
      00020F 00                     575 	.db #0x00	; 0
      000210 0C                     576 	.db #0x0c	; 12
      000211 0C                     577 	.db #0x0c	; 12
      000212 18                     578 	.db #0x18	; 24
      000213 18                     579 	.db #0x18	; 24
      000214 30                     580 	.db #0x30	; 48	'0'
      000215 30                     581 	.db #0x30	; 48	'0'
      000216 60                     582 	.db #0x60	; 96
      000217 60                     583 	.db #0x60	; 96
      000218 58                     584 	.db #0x58	; 88	'X'
      000219 58                     585 	.db #0x58	; 88	'X'
      00021A 44                     586 	.db #0x44	; 68	'D'
      00021B 44                     587 	.db #0x44	; 68	'D'
      00021C 4C                     588 	.db #0x4c	; 76	'L'
      00021D 4C                     589 	.db #0x4c	; 76	'L'
      00021E 78                     590 	.db #0x78	; 120	'x'
      00021F 78                     591 	.db #0x78	; 120	'x'
      000220 00                     592 	.db #0x00	; 0
      000221 00                     593 	.db #0x00	; 0
      000222 3E                     594 	.db #0x3e	; 62
      000223 3E                     595 	.db #0x3e	; 62
      000224 0C                     596 	.db #0x0c	; 12
      000225 0C                     597 	.db #0x0c	; 12
      000226 08                     598 	.db #0x08	; 8
      000227 08                     599 	.db #0x08	; 8
      000228 18                     600 	.db #0x18	; 24
      000229 18                     601 	.db #0x18	; 24
      00022A 10                     602 	.db #0x10	; 16
      00022B 10                     603 	.db #0x10	; 16
      00022C 10                     604 	.db #0x10	; 16
      00022D 10                     605 	.db #0x10	; 16
      00022E 00                     606 	.db #0x00	; 0
      00022F 00                     607 	.db #0x00	; 0
      000230 18                     608 	.db #0x18	; 24
      000231 18                     609 	.db #0x18	; 24
      000232 38                     610 	.db #0x38	; 56	'8'
      000233 38                     611 	.db #0x38	; 56	'8'
      000234 28                     612 	.db #0x28	; 40
      000235 28                     613 	.db #0x28	; 40
      000236 38                     614 	.db #0x38	; 56	'8'
      000237 38                     615 	.db #0x38	; 56	'8'
      000238 2C                     616 	.db #0x2c	; 44
      000239 2C                     617 	.db #0x2c	; 44
      00023A 24                     618 	.db #0x24	; 36
      00023B 24                     619 	.db #0x24	; 36
      00023C 3C                     620 	.db #0x3c	; 60
      00023D 3C                     621 	.db #0x3c	; 60
      00023E 00                     622 	.db #0x00	; 0
      00023F 00                     623 	.db #0x00	; 0
      000240 38                     624 	.db #0x38	; 56	'8'
      000241 38                     625 	.db #0x38	; 56	'8'
      000242 2C                     626 	.db #0x2c	; 44
      000243 2C                     627 	.db #0x2c	; 44
      000244 24                     628 	.db #0x24	; 36
      000245 24                     629 	.db #0x24	; 36
      000246 3C                     630 	.db #0x3c	; 60
      000247 3C                     631 	.db #0x3c	; 60
      000248 04                     632 	.db #0x04	; 4
      000249 04                     633 	.db #0x04	; 4
      00024A 0C                     634 	.db #0x0c	; 12
      00024B 0C                     635 	.db #0x0c	; 12
      00024C 78                     636 	.db #0x78	; 120	'x'
      00024D 78                     637 	.db #0x78	; 120	'x'
      00024E 00                     638 	.db #0x00	; 0
      00024F 00                     639 	.db #0x00	; 0
      000250 08                     640 	.db #0x08	; 8
      000251 08                     641 	.db #0x08	; 8
      000252 08                     642 	.db #0x08	; 8
      000253 08                     643 	.db #0x08	; 8
      000254 08                     644 	.db #0x08	; 8
      000255 08                     645 	.db #0x08	; 8
      000256 08                     646 	.db #0x08	; 8
      000257 08                     647 	.db #0x08	; 8
      000258 08                     648 	.db #0x08	; 8
      000259 08                     649 	.db #0x08	; 8
      00025A 00                     650 	.db #0x00	; 0
      00025B 00                     651 	.db #0x00	; 0
      00025C 1C                     652 	.db #0x1c	; 28
      00025D 1C                     653 	.db #0x1c	; 28
      00025E 1C                     654 	.db #0x1c	; 28
      00025F 1C                     655 	.db #0x1c	; 28
      000260 00                     656 	.db #0x00	; 0
      000261 00                     657 	.db #0x00	; 0
      000262 20                     658 	.db #0x20	; 32
      000263 20                     659 	.db #0x20	; 32
      000264 20                     660 	.db #0x20	; 32
      000265 20                     661 	.db #0x20	; 32
      000266 10                     662 	.db #0x10	; 16
      000267 10                     663 	.db #0x10	; 16
      000268 08                     664 	.db #0x08	; 8
      000269 08                     665 	.db #0x08	; 8
      00026A 04                     666 	.db #0x04	; 4
      00026B 04                     667 	.db #0x04	; 4
      00026C 02                     668 	.db #0x02	; 2
      00026D 02                     669 	.db #0x02	; 2
      00026E 00                     670 	.db #0x00	; 0
      00026F 00                     671 	.db #0x00	; 0
      000270 00                     672 	.db #0x00	; 0
      000271 00                     673 	.db #0x00	; 0
      000272 08                     674 	.db #0x08	; 8
      000273 08                     675 	.db #0x08	; 8
      000274 10                     676 	.db #0x10	; 16
      000275 10                     677 	.db #0x10	; 16
      000276 20                     678 	.db #0x20	; 32
      000277 20                     679 	.db #0x20	; 32
      000278 20                     680 	.db #0x20	; 32
      000279 20                     681 	.db #0x20	; 32
      00027A 10                     682 	.db #0x10	; 16
      00027B 10                     683 	.db #0x10	; 16
      00027C 08                     684 	.db #0x08	; 8
      00027D 08                     685 	.db #0x08	; 8
      00027E 00                     686 	.db #0x00	; 0
      00027F 00                     687 	.db #0x00	; 0
      000280 00                     688 	.db #0x00	; 0
      000281 00                     689 	.db #0x00	; 0
      000282 10                     690 	.db #0x10	; 16
      000283 10                     691 	.db #0x10	; 16
      000284 08                     692 	.db #0x08	; 8
      000285 08                     693 	.db #0x08	; 8
      000286 04                     694 	.db #0x04	; 4
      000287 04                     695 	.db #0x04	; 4
      000288 04                     696 	.db #0x04	; 4
      000289 04                     697 	.db #0x04	; 4
      00028A 08                     698 	.db #0x08	; 8
      00028B 08                     699 	.db #0x08	; 8
      00028C 10                     700 	.db #0x10	; 16
      00028D 10                     701 	.db #0x10	; 16
      00028E 00                     702 	.db #0x00	; 0
      00028F 00                     703 	.db #0x00	; 0
      000290 00                     704 	.db #0x00	; 0
      000291 00                     705 	.db #0x00	; 0
      000292 00                     706 	.db #0x00	; 0
      000293 00                     707 	.db #0x00	; 0
      000294 00                     708 	.db #0x00	; 0
      000295 00                     709 	.db #0x00	; 0
      000296 38                     710 	.db #0x38	; 56	'8'
      000297 38                     711 	.db #0x38	; 56	'8'
      000298 00                     712 	.db #0x00	; 0
      000299 00                     713 	.db #0x00	; 0
      00029A 00                     714 	.db #0x00	; 0
      00029B 00                     715 	.db #0x00	; 0
      00029C 00                     716 	.db #0x00	; 0
      00029D 00                     717 	.db #0x00	; 0
      00029E 00                     718 	.db #0x00	; 0
      00029F 00                     719 	.db #0x00	; 0
      0002A0 00                     720 	.db #0x00	; 0
      0002A1 00                     721 	.db #0x00	; 0
      0002A2 00                     722 	.db #0x00	; 0
      0002A3 00                     723 	.db #0x00	; 0
      0002A4 00                     724 	.db #0x00	; 0
      0002A5 00                     725 	.db #0x00	; 0
      0002A6 00                     726 	.db #0x00	; 0
      0002A7 00                     727 	.db #0x00	; 0
      0002A8 00                     728 	.db #0x00	; 0
      0002A9 00                     729 	.db #0x00	; 0
      0002AA 00                     730 	.db #0x00	; 0
      0002AB 00                     731 	.db #0x00	; 0
      0002AC 08                     732 	.db #0x08	; 8
      0002AD 08                     733 	.db #0x08	; 8
      0002AE 00                     734 	.db #0x00	; 0
      0002AF 00                     735 	.db #0x00	; 0
      0002B0 00                     736 	.db #0x00	; 0
      0002B1 00                     737 	.db #0x00	; 0
      0002B2 00                     738 	.db #0x00	; 0
      0002B3 00                     739 	.db #0x00	; 0
      0002B4 08                     740 	.db #0x08	; 8
      0002B5 08                     741 	.db #0x08	; 8
      0002B6 00                     742 	.db #0x00	; 0
      0002B7 00                     743 	.db #0x00	; 0
      0002B8 00                     744 	.db #0x00	; 0
      0002B9 00                     745 	.db #0x00	; 0
      0002BA 00                     746 	.db #0x00	; 0
      0002BB 00                     747 	.db #0x00	; 0
      0002BC 08                     748 	.db #0x08	; 8
      0002BD 08                     749 	.db #0x08	; 8
      0002BE 00                     750 	.db #0x00	; 0
      0002BF 00                     751 	.db #0x00	; 0
      0002C0 00                     752 	.db #0x00	; 0
      0002C1 00                     753 	.db #0x00	; 0
      0002C2 38                     754 	.db #0x38	; 56	'8'
      0002C3 38                     755 	.db #0x38	; 56	'8'
      0002C4 2C                     756 	.db #0x2c	; 44
      0002C5 2C                     757 	.db #0x2c	; 44
      0002C6 2C                     758 	.db #0x2c	; 44
      0002C7 2C                     759 	.db #0x2c	; 44
      0002C8 08                     760 	.db #0x08	; 8
      0002C9 08                     761 	.db #0x08	; 8
      0002CA 00                     762 	.db #0x00	; 0
      0002CB 00                     763 	.db #0x00	; 0
      0002CC 10                     764 	.db #0x10	; 16
      0002CD 10                     765 	.db #0x10	; 16
      0002CE 00                     766 	.db #0x00	; 0
      0002CF 00                     767 	.db #0x00	; 0
                           0000FF   768 G$__bank_font$0_0$0 == 0x00ff
                           0000FF   769 ___bank_font	=	0x00ff
                           0002D0   770 G$font$0_0$0 == .
      0002D0                        771 _font:
      0002D0 2D                     772 	.db #0x2d	; 45
      0002D1r00r00                  773 	.dw _font_tiles
      0002D3 00                     774 	.db #0x00	; 0
      0002D4 00 00                  775 	.dw #0x0000
      0002D6 00 00                  776 	.dw #0x0000
                                    777 	.area _INITIALIZER
                                    778 	.area _CABS (ABS)
