                                      1 ;--------------------------------------------------------
                                      2 ; File Created by SDCC : free open source ISO C Compiler 
                                      3 ; Version 4.3.2 #14228 (MINGW64)
                                      4 ;--------------------------------------------------------
                                      5 	.module camera_gbr
                                      6 	.optsdcc -msm83
                                      7 	
                                      8 ;--------------------------------------------------------
                                      9 ; Public variables in this module
                                     10 ;--------------------------------------------------------
                                     11 	.globl _camera
                                     12 	.globl _camera_metasprites
                                     13 	.globl _camera_metasprite0
                                     14 	.globl _camera_tiles
                                     15 	.globl _camera_palettes
                                     16 	.globl b___func_camera
                                     17 	.globl ___func_camera
                                     18 ;--------------------------------------------------------
                                     19 ; special function registers
                                     20 ;--------------------------------------------------------
                                     21 ;--------------------------------------------------------
                                     22 ; ram data
                                     23 ;--------------------------------------------------------
                                     24 	.area _DATA
                                     25 ;--------------------------------------------------------
                                     26 ; ram data
                                     27 ;--------------------------------------------------------
                                     28 	.area _INITIALIZED
                                     29 ;--------------------------------------------------------
                                     30 ; absolute external ram data
                                     31 ;--------------------------------------------------------
                                     32 	.area _DABS (ABS)
                                     33 ;--------------------------------------------------------
                                     34 ; global & static initialisations
                                     35 ;--------------------------------------------------------
                                     36 	.area _HOME
                                     37 	.area _GSINIT
                                     38 	.area _GSFINAL
                                     39 	.area _GSINIT
                                     40 ;--------------------------------------------------------
                                     41 ; Home
                                     42 ;--------------------------------------------------------
                                     43 	.area _HOME
                                     44 	.area _HOME
                                     45 ;--------------------------------------------------------
                                     46 ; code
                                     47 ;--------------------------------------------------------
                                     48 	.area _CODE_255
                           000000    49 	G$__func_camera$0$0	= .
                                     50 	.globl	G$__func_camera$0$0
                           000000    51 	C$camera.gbr.c$9$0_0$161	= .
                                     52 	.globl	C$camera.gbr.c$9$0_0$161
                                     53 ;../DebugColor/res/sprites/camera.gbr.c:9: BANKREF(camera)
                                     54 ;	---------------------------------
                                     55 ; Function __func_camera
                                     56 ; ---------------------------------
                           0000FF    57 	b___func_camera	= 255
      000000                         58 ___func_camera::
                                     59 	.local b___func_camera 
                           0000FF    60 	___bank_camera = b___func_camera 
                                     61 	.globl ___bank_camera 
                                     62 	.area _CODE_255
                           000000    63 G$camera_palettes$0_0$0 == .
      000000                         64 _camera_palettes:
      000000 FF 7F                   65 	.dw #0x7fff
      000002 B5 56                   66 	.dw #0x56b5
      000004 4A 29                   67 	.dw #0x294a
      000006 00 00                   68 	.dw #0x0000
                           000008    69 G$camera_tiles$0_0$0 == .
      000008                         70 _camera_tiles:
      000008 E0                      71 	.db #0xe0	; 224
      000009 E0                      72 	.db #0xe0	; 224
      00000A C0                      73 	.db #0xc0	; 192
      00000B A0                      74 	.db #0xa0	; 160
      00000C A0                      75 	.db #0xa0	; 160
      00000D C0                      76 	.db #0xc0	; 192
      00000E 10                      77 	.db #0x10	; 16
      00000F 20                      78 	.db #0x20	; 32
      000010 08                      79 	.db #0x08	; 8
      000011 10                      80 	.db #0x10	; 16
      000012 04                      81 	.db #0x04	; 4
      000013 08                      82 	.db #0x08	; 8
      000014 00                      83 	.db #0x00	; 0
      000015 04                      84 	.db #0x04	; 4
      000016 00                      85 	.db #0x00	; 0
      000017 00                      86 	.db #0x00	; 0
      000018 00                      87 	.db #0x00	; 0
      000019 00                      88 	.db #0x00	; 0
      00001A 00                      89 	.db #0x00	; 0
      00001B 00                      90 	.db #0x00	; 0
      00001C 00                      91 	.db #0x00	; 0
      00001D 00                      92 	.db #0x00	; 0
      00001E 00                      93 	.db #0x00	; 0
      00001F 00                      94 	.db #0x00	; 0
      000020 00                      95 	.db #0x00	; 0
      000021 00                      96 	.db #0x00	; 0
      000022 00                      97 	.db #0x00	; 0
      000023 00                      98 	.db #0x00	; 0
      000024 00                      99 	.db #0x00	; 0
      000025 00                     100 	.db #0x00	; 0
      000026 00                     101 	.db #0x00	; 0
      000027 00                     102 	.db #0x00	; 0
                           000028   103 G$camera_metasprite0$0_0$0 == .
      000028                        104 _camera_metasprite0:
      000028 00                     105 	.db #0x00	;  0
      000029 00                     106 	.db #0x00	;  0
      00002A 00                     107 	.db #0x00	; 0
      00002B 00                     108 	.db #0x00	; 0
      00002C 80                     109 	.db #0x80	; -128
      00002D 00                     110 	.db #0x00	;  0
      00002E 00                     111 	.db #0x00	; 0
      00002F 00                     112 	.db #0x00	; 0
                           000030   113 G$camera_metasprites$0_0$0 == .
      000030                        114 _camera_metasprites:
      000030r28r00                  115 	.dw _camera_metasprite0
                           000032   116 G$camera$0_0$0 == .
      000032                        117 _camera:
      000032 08                     118 	.db #0x08	; 8
      000033 10                     119 	.db #0x10	; 16
      000034 02                     120 	.db #0x02	; 2
      000035r08r00                  121 	.dw _camera_tiles
      000037 01                     122 	.db #0x01	; 1
      000038r00r00                  123 	.dw _camera_palettes
      00003A 01                     124 	.db #0x01	; 1
      00003Br30r00                  125 	.dw _camera_metasprites
                                    126 	.area _INITIALIZER
                                    127 	.area _CABS (ABS)
