                                      1 ;--------------------------------------------------------
                                      2 ; File Created by SDCC : free open source ISO C Compiler 
                                      3 ; Version 4.3.2 #14228 (MINGW64)
                                      4 ;--------------------------------------------------------
                                      5 	.module ZGBMain_Init
                                      6 	.optsdcc -msm83
                                      7 	
                                      8 ;--------------------------------------------------------
                                      9 ; Public variables in this module
                                     10 ;--------------------------------------------------------
                                     11 	.globl _InitSprites
                                     12 	.globl _Destroy_SpriteSkeleton
                                     13 	.globl _Update_SpriteSkeleton
                                     14 	.globl _Start_SpriteSkeleton
                                     15 	.globl _Destroy_SpriteCamera
                                     16 	.globl _Update_SpriteCamera
                                     17 	.globl _Start_SpriteCamera
                                     18 	.globl _Destroy_SpriteOrpheus
                                     19 	.globl _Update_SpriteOrpheus
                                     20 	.globl _Start_SpriteOrpheus
                                     21 	.globl _InitStates
                                     22 	.globl _Update_UtilEnemy
                                     23 	.globl _Start_UtilEnemy
                                     24 	.globl _Update_StateGame
                                     25 	.globl _Start_StateGame
                                     26 	.globl _spritePalsOffset
                                     27 	.globl _spriteIdxs
                                     28 	.globl _spriteDatas
                                     29 	.globl _spriteDestroyFuncs
                                     30 	.globl _spriteUpdateFuncs
                                     31 	.globl _spriteStartFuncs
                                     32 	.globl _spriteDataBanks
                                     33 	.globl _spriteBanks
                                     34 	.globl _updateFuncs
                                     35 	.globl _startFuncs
                                     36 	.globl _stateBanks
                                     37 ;--------------------------------------------------------
                                     38 ; special function registers
                                     39 ;--------------------------------------------------------
                                     40 ;--------------------------------------------------------
                                     41 ; ram data
                                     42 ;--------------------------------------------------------
                                     43 	.area _DATA
                           000000    44 G$stateBanks$0_0$0==.
      000000                         45 _stateBanks::
      000000                         46 	.ds 2
                           000002    47 G$startFuncs$0_0$0==.
      000002                         48 _startFuncs::
      000002                         49 	.ds 4
                           000006    50 G$updateFuncs$0_0$0==.
      000006                         51 _updateFuncs::
      000006                         52 	.ds 4
                           00000A    53 G$spriteBanks$0_0$0==.
      00000A                         54 _spriteBanks::
      00000A                         55 	.ds 3
                           00000D    56 G$spriteDataBanks$0_0$0==.
      00000D                         57 _spriteDataBanks::
      00000D                         58 	.ds 3
                           000010    59 G$spriteStartFuncs$0_0$0==.
      000010                         60 _spriteStartFuncs::
      000010                         61 	.ds 6
                           000016    62 G$spriteUpdateFuncs$0_0$0==.
      000016                         63 _spriteUpdateFuncs::
      000016                         64 	.ds 6
                           00001C    65 G$spriteDestroyFuncs$0_0$0==.
      00001C                         66 _spriteDestroyFuncs::
      00001C                         67 	.ds 6
                           000022    68 G$spriteDatas$0_0$0==.
      000022                         69 _spriteDatas::
      000022                         70 	.ds 6
                           000028    71 G$spriteIdxs$0_0$0==.
      000028                         72 _spriteIdxs::
      000028                         73 	.ds 3
                           00002B    74 G$spritePalsOffset$0_0$0==.
      00002B                         75 _spritePalsOffset::
      00002B                         76 	.ds 3
                                     77 ;--------------------------------------------------------
                                     78 ; ram data
                                     79 ;--------------------------------------------------------
                                     80 	.area _INITIALIZED
                                     81 ;--------------------------------------------------------
                                     82 ; absolute external ram data
                                     83 ;--------------------------------------------------------
                                     84 	.area _DABS (ABS)
                                     85 ;--------------------------------------------------------
                                     86 ; global & static initialisations
                                     87 ;--------------------------------------------------------
                                     88 	.area _HOME
                                     89 	.area _GSINIT
                                     90 	.area _GSFINAL
                                     91 	.area _GSINIT
                                     92 ;--------------------------------------------------------
                                     93 ; Home
                                     94 ;--------------------------------------------------------
                                     95 	.area _HOME
                                     96 	.area _HOME
                                     97 ;--------------------------------------------------------
                                     98 ; code
                                     99 ;--------------------------------------------------------
                                    100 	.area _CODE_1
                           000000   101 	G$InitStates$0$0	= .
                                    102 	.globl	G$InitStates$0$0
                           000000   103 	C$ZGBMain_Init.c$16$0_0$158	= .
                                    104 	.globl	C$ZGBMain_Init.c$16$0_0$158
                                    105 ;C:/ZGB-2023.0/common/src/ZGBMain_Init.c:16: void InitStates() {
                                    106 ;	---------------------------------
                                    107 ; Function InitStates
                                    108 ; ---------------------------------
      000000                        109 _InitStates::
                           000000   110 	C$ZGBMain_Init.c$17$1_0$158	= .
                                    111 	.globl	C$ZGBMain_Init.c$17$1_0$158
                                    112 ;C:/ZGB-2023.0/common/src/ZGBMain_Init.c:17: STATES
      000000 21r02r00         [12]  113 	ld	hl, #_startFuncs
      000003 36r00            [12]  114 	ld	(hl), #<(_Start_StateGame)
      000005 23               [ 8]  115 	inc	hl
      000006 36s00            [12]  116 	ld	(hl), #>(_Start_StateGame)
      000008 21r06r00         [12]  117 	ld	hl, #_updateFuncs
      00000B 36r00            [12]  118 	ld	(hl), #<(_Update_StateGame)
      00000D 23               [ 8]  119 	inc	hl
      00000E 36s00            [12]  120 	ld	(hl), #>(_Update_StateGame)
      000010 01r00r00         [12]  121 	ld	bc, #_stateBanks+0
      000013 3Er00            [ 8]  122 	ld	a, #<(___bank_StateGame)
      000015 02               [ 8]  123 	ld	(bc), a
      000016 21r04r00         [12]  124 	ld	hl, #(_startFuncs + 2)
      000019 36r00            [12]  125 	ld	(hl), #<(_Start_UtilEnemy)
      00001B 23               [ 8]  126 	inc	hl
      00001C 36s00            [12]  127 	ld	(hl), #>(_Start_UtilEnemy)
      00001E 21r08r00         [12]  128 	ld	hl, #(_updateFuncs + 2)
      000021 36r00            [12]  129 	ld	(hl), #<(_Update_UtilEnemy)
      000023 23               [ 8]  130 	inc	hl
      000024 36s00            [12]  131 	ld	(hl), #>(_Update_UtilEnemy)
      000026 03               [ 8]  132 	inc	bc
      000027 3Er00            [ 8]  133 	ld	a, #<(___bank_UtilEnemy)
      000029 02               [ 8]  134 	ld	(bc), a
                           00002A   135 	C$ZGBMain_Init.c$18$1_0$158	= .
                                    136 	.globl	C$ZGBMain_Init.c$18$1_0$158
                                    137 ;C:/ZGB-2023.0/common/src/ZGBMain_Init.c:18: }
                           00002A   138 	C$ZGBMain_Init.c$18$1_0$158	= .
                                    139 	.globl	C$ZGBMain_Init.c$18$1_0$158
                           00002A   140 	XG$InitStates$0$0	= .
                                    141 	.globl	XG$InitStates$0$0
      00002A C9               [16]  142 	ret
                           00002B   143 	G$InitSprites$0$0	= .
                                    144 	.globl	G$InitSprites$0$0
                           00002B   145 	C$ZGBMain_Init.c$49$1_0$159	= .
                                    146 	.globl	C$ZGBMain_Init.c$49$1_0$159
                                    147 ;C:/ZGB-2023.0/common/src/ZGBMain_Init.c:49: void InitSprites() {
                                    148 ;	---------------------------------
                                    149 ; Function InitSprites
                                    150 ; ---------------------------------
      00002B                        151 _InitSprites::
                           00002B   152 	C$ZGBMain_Init.c$50$1_0$159	= .
                                    153 	.globl	C$ZGBMain_Init.c$50$1_0$159
                                    154 ;C:/ZGB-2023.0/common/src/ZGBMain_Init.c:50: SPRITES
      00002B 3Er00            [ 8]  155 	ld	a, #<(___bank_SpriteOrpheus)
      00002D EAr0Ar00         [16]  156 	ld	(#_spriteBanks),a
      000030 21r10r00         [12]  157 	ld	hl, #_spriteStartFuncs
      000033 36r00            [12]  158 	ld	(hl), #<(_Start_SpriteOrpheus)
      000035 23               [ 8]  159 	inc	hl
      000036 36s00            [12]  160 	ld	(hl), #>(_Start_SpriteOrpheus)
      000038 21r16r00         [12]  161 	ld	hl, #_spriteUpdateFuncs
      00003B 36r00            [12]  162 	ld	(hl), #<(_Update_SpriteOrpheus)
      00003D 23               [ 8]  163 	inc	hl
      00003E 36s00            [12]  164 	ld	(hl), #>(_Update_SpriteOrpheus)
      000040 21r1Cr00         [12]  165 	ld	hl, #_spriteDestroyFuncs
      000043 3Er00            [ 8]  166 	ld	a, #<(_Destroy_SpriteOrpheus)
      000045 22               [ 8]  167 	ld	(hl+), a
      000046 36s00            [12]  168 	ld	(hl), #>(_Destroy_SpriteOrpheus)
      000048 01r0Dr00         [12]  169 	ld	bc, #_spriteDataBanks+0
      00004B 3Er00            [ 8]  170 	ld	a, #<(___bank_orpheus)
      00004D 02               [ 8]  171 	ld	(bc), a
      00004E 21r22r00         [12]  172 	ld	hl, #_spriteDatas
      000051 3Er00            [ 8]  173 	ld	a, #<(_orpheus)
      000053 22               [ 8]  174 	ld	(hl+), a
      000054 36s00            [12]  175 	ld	(hl), #>(_orpheus)
      000056 11r0Br00         [12]  176 	ld	de, #_spriteBanks + 1
      000059 3Er00            [ 8]  177 	ld	a, #<(___bank_SpriteCamera)
      00005B 12               [ 8]  178 	ld	(de), a
      00005C 21r12r00         [12]  179 	ld	hl, #(_spriteStartFuncs + 2)
      00005F 36r00            [12]  180 	ld	(hl), #<(_Start_SpriteCamera)
      000061 23               [ 8]  181 	inc	hl
      000062 36s00            [12]  182 	ld	(hl), #>(_Start_SpriteCamera)
      000064 21r18r00         [12]  183 	ld	hl, #(_spriteUpdateFuncs + 2)
      000067 36r00            [12]  184 	ld	(hl), #<(_Update_SpriteCamera)
      000069 23               [ 8]  185 	inc	hl
      00006A 36s00            [12]  186 	ld	(hl), #>(_Update_SpriteCamera)
      00006C 21r1Er00         [12]  187 	ld	hl, #(_spriteDestroyFuncs + 2)
      00006F 36r00            [12]  188 	ld	(hl), #<(_Destroy_SpriteCamera)
      000071 23               [ 8]  189 	inc	hl
      000072 36s00            [12]  190 	ld	(hl), #>(_Destroy_SpriteCamera)
      000074 59               [ 4]  191 	ld	e, c
      000075 50               [ 4]  192 	ld	d, b
      000076 13               [ 8]  193 	inc	de
      000077 3Er00            [ 8]  194 	ld	a, #<(___bank_camera)
      000079 12               [ 8]  195 	ld	(de), a
      00007A 21r24r00         [12]  196 	ld	hl, #(_spriteDatas + 2)
      00007D 36r00            [12]  197 	ld	(hl), #<(_camera)
      00007F 23               [ 8]  198 	inc	hl
      000080 36s00            [12]  199 	ld	(hl), #>(_camera)
      000082 11r0Cr00         [12]  200 	ld	de, #_spriteBanks + 2
      000085 3Er00            [ 8]  201 	ld	a, #<(___bank_SpriteSkeleton)
      000087 12               [ 8]  202 	ld	(de), a
      000088 21r14r00         [12]  203 	ld	hl, #(_spriteStartFuncs + 4)
      00008B 36r00            [12]  204 	ld	(hl), #<(_Start_SpriteSkeleton)
      00008D 23               [ 8]  205 	inc	hl
      00008E 36s00            [12]  206 	ld	(hl), #>(_Start_SpriteSkeleton)
      000090 21r1Ar00         [12]  207 	ld	hl, #(_spriteUpdateFuncs + 4)
      000093 36r00            [12]  208 	ld	(hl), #<(_Update_SpriteSkeleton)
      000095 23               [ 8]  209 	inc	hl
      000096 36s00            [12]  210 	ld	(hl), #>(_Update_SpriteSkeleton)
      000098 21r20r00         [12]  211 	ld	hl, #(_spriteDestroyFuncs + 4)
      00009B 3Er00            [ 8]  212 	ld	a, #<(_Destroy_SpriteSkeleton)
      00009D 22               [ 8]  213 	ld	(hl+), a
      00009E 36s00            [12]  214 	ld	(hl), #>(_Destroy_SpriteSkeleton)
      0000A0 03               [ 8]  215 	inc	bc
      0000A1 03               [ 8]  216 	inc	bc
      0000A2 3Er00            [ 8]  217 	ld	a, #<(___bank_enemyskeletor)
      0000A4 02               [ 8]  218 	ld	(bc), a
      0000A5 21r26r00         [12]  219 	ld	hl, #(_spriteDatas + 4)
      0000A8 3Er00            [ 8]  220 	ld	a, #<(_enemyskeletor)
      0000AA 22               [ 8]  221 	ld	(hl+), a
      0000AB 36s00            [12]  222 	ld	(hl), #>(_enemyskeletor)
                           0000AD   223 	C$ZGBMain_Init.c$51$1_0$159	= .
                                    224 	.globl	C$ZGBMain_Init.c$51$1_0$159
                                    225 ;C:/ZGB-2023.0/common/src/ZGBMain_Init.c:51: }
                           0000AD   226 	C$ZGBMain_Init.c$51$1_0$159	= .
                                    227 	.globl	C$ZGBMain_Init.c$51$1_0$159
                           0000AD   228 	XG$InitSprites$0$0	= .
                                    229 	.globl	XG$InitSprites$0$0
      0000AD C9               [16]  230 	ret
                                    231 	.area _CODE_1
                                    232 	.area _INITIALIZER
                                    233 	.area _CABS (ABS)
