                                      1 ;--------------------------------------------------------
                                      2 ; File Created by SDCC : free open source ISO C Compiler 
                                      3 ; Version 4.3.2 #14228 (MINGW64)
                                      4 ;--------------------------------------------------------
                                      5 	.module enemyskeletor_gbr
                                      6 	.optsdcc -msm83
                                      7 	
                                      8 ;--------------------------------------------------------
                                      9 ; Public variables in this module
                                     10 ;--------------------------------------------------------
                                     11 	.globl _enemyskeletor
                                     12 	.globl _enemyskeletor_metasprites
                                     13 	.globl _enemyskeletor_metasprite6
                                     14 	.globl _enemyskeletor_metasprite5
                                     15 	.globl _enemyskeletor_metasprite4
                                     16 	.globl _enemyskeletor_metasprite3
                                     17 	.globl _enemyskeletor_metasprite2
                                     18 	.globl _enemyskeletor_metasprite1
                                     19 	.globl _enemyskeletor_metasprite0
                                     20 	.globl _enemyskeletor_tiles
                                     21 	.globl _enemyskeletor_palettes
                                     22 	.globl b___func_enemyskeletor
                                     23 	.globl ___func_enemyskeletor
                                     24 ;--------------------------------------------------------
                                     25 ; special function registers
                                     26 ;--------------------------------------------------------
                                     27 ;--------------------------------------------------------
                                     28 ; ram data
                                     29 ;--------------------------------------------------------
                                     30 	.area _DATA
                                     31 ;--------------------------------------------------------
                                     32 ; ram data
                                     33 ;--------------------------------------------------------
                                     34 	.area _INITIALIZED
                                     35 ;--------------------------------------------------------
                                     36 ; absolute external ram data
                                     37 ;--------------------------------------------------------
                                     38 	.area _DABS (ABS)
                                     39 ;--------------------------------------------------------
                                     40 ; global & static initialisations
                                     41 ;--------------------------------------------------------
                                     42 	.area _HOME
                                     43 	.area _GSINIT
                                     44 	.area _GSFINAL
                                     45 	.area _GSINIT
                                     46 ;--------------------------------------------------------
                                     47 ; Home
                                     48 ;--------------------------------------------------------
                                     49 	.area _HOME
                                     50 	.area _HOME
                                     51 ;--------------------------------------------------------
                                     52 ; code
                                     53 ;--------------------------------------------------------
                                     54 	.area _CODE_255
                           000000    55 	G$__func_enemyskeletor$0$0	= .
                                     56 	.globl	G$__func_enemyskeletor$0$0
                           000000    57 	C$enemyskeletor.gbr.c$9$0_0$161	= .
                                     58 	.globl	C$enemyskeletor.gbr.c$9$0_0$161
                                     59 ;../Debug/res/sprites/enemyskeletor.gbr.c:9: BANKREF(enemyskeletor)
                                     60 ;	---------------------------------
                                     61 ; Function __func_enemyskeletor
                                     62 ; ---------------------------------
                           0000FF    63 	b___func_enemyskeletor	= 255
      000000                         64 ___func_enemyskeletor::
                                     65 	.local b___func_enemyskeletor 
                           0000FF    66 	___bank_enemyskeletor = b___func_enemyskeletor 
                                     67 	.globl ___bank_enemyskeletor 
                                     68 	.area _CODE_255
                           000000    69 G$enemyskeletor_palettes$0_0$0 == .
      000000                         70 _enemyskeletor_palettes:
      000000 FF 7F                   71 	.dw #0x7fff
      000002 9C 73                   72 	.dw #0x739c
      000004 4A 29                   73 	.dw #0x294a
      000006 00 00                   74 	.dw #0x0000
                           000008    75 G$enemyskeletor_tiles$0_0$0 == .
      000008                         76 _enemyskeletor_tiles:
      000008 00                      77 	.db #0x00	; 0
      000009 00                      78 	.db #0x00	; 0
      00000A 00                      79 	.db #0x00	; 0
      00000B 00                      80 	.db #0x00	; 0
      00000C 00                      81 	.db #0x00	; 0
      00000D 00                      82 	.db #0x00	; 0
      00000E 08                      83 	.db #0x08	; 8
      00000F 00                      84 	.db #0x00	; 0
      000010 00                      85 	.db #0x00	; 0
      000011 00                      86 	.db #0x00	; 0
      000012 00                      87 	.db #0x00	; 0
      000013 00                      88 	.db #0x00	; 0
      000014 00                      89 	.db #0x00	; 0
      000015 00                      90 	.db #0x00	; 0
      000016 00                      91 	.db #0x00	; 0
      000017 00                      92 	.db #0x00	; 0
      000018 00                      93 	.db #0x00	; 0
      000019 00                      94 	.db #0x00	; 0
      00001A 00                      95 	.db #0x00	; 0
      00001B 00                      96 	.db #0x00	; 0
      00001C 00                      97 	.db #0x00	; 0
      00001D 00                      98 	.db #0x00	; 0
      00001E 00                      99 	.db #0x00	; 0
      00001F 00                     100 	.db #0x00	; 0
      000020 00                     101 	.db #0x00	; 0
      000021 00                     102 	.db #0x00	; 0
      000022 00                     103 	.db #0x00	; 0
      000023 00                     104 	.db #0x00	; 0
      000024 00                     105 	.db #0x00	; 0
      000025 00                     106 	.db #0x00	; 0
      000026 00                     107 	.db #0x00	; 0
      000027 00                     108 	.db #0x00	; 0
      000028 00                     109 	.db #0x00	; 0
      000029 00                     110 	.db #0x00	; 0
      00002A 0F                     111 	.db #0x0f	; 15
      00002B 0F                     112 	.db #0x0f	; 15
      00002C 12                     113 	.db #0x12	; 18
      00002D 1F                     114 	.db #0x1f	; 31
      00002E 2F                     115 	.db #0x2f	; 47
      00002F 30                     116 	.db #0x30	; 48	'0'
      000030 3F                     117 	.db #0x3f	; 63
      000031 20                     118 	.db #0x20	; 32
      000032 3F                     119 	.db #0x3f	; 63
      000033 20                     120 	.db #0x20	; 32
      000034 3F                     121 	.db #0x3f	; 63
      000035 20                     122 	.db #0x20	; 32
      000036 2F                     123 	.db #0x2f	; 47
      000037 30                     124 	.db #0x30	; 48	'0'
      000038 2F                     125 	.db #0x2f	; 47
      000039 30                     126 	.db #0x30	; 48	'0'
      00003A 13                     127 	.db #0x13	; 19
      00003B 1C                     128 	.db #0x1c	; 28
      00003C 18                     129 	.db #0x18	; 24
      00003D 1F                     130 	.db #0x1f	; 31
      00003E 1F                     131 	.db #0x1f	; 31
      00003F 1F                     132 	.db #0x1f	; 31
      000040 2D                     133 	.db #0x2d	; 45
      000041 3E                     134 	.db #0x3e	; 62
      000042 2F                     135 	.db #0x2f	; 47
      000043 3F                     136 	.db #0x3f	; 63
      000044 1F                     137 	.db #0x1f	; 31
      000045 1F                     138 	.db #0x1f	; 31
      000046 07                     139 	.db #0x07	; 7
      000047 07                     140 	.db #0x07	; 7
      000048 00                     141 	.db #0x00	; 0
      000049 00                     142 	.db #0x00	; 0
      00004A F0                     143 	.db #0xf0	; 240
      00004B F0                     144 	.db #0xf0	; 240
      00004C 08                     145 	.db #0x08	; 8
      00004D F8                     146 	.db #0xf8	; 248
      00004E F4                     147 	.db #0xf4	; 244
      00004F 0C                     148 	.db #0x0c	; 12
      000050 FC                     149 	.db #0xfc	; 252
      000051 04                     150 	.db #0x04	; 4
      000052 FC                     151 	.db #0xfc	; 252
      000053 04                     152 	.db #0x04	; 4
      000054 FC                     153 	.db #0xfc	; 252
      000055 04                     154 	.db #0x04	; 4
      000056 F4                     155 	.db #0xf4	; 244
      000057 0C                     156 	.db #0x0c	; 12
      000058 F4                     157 	.db #0xf4	; 244
      000059 0C                     158 	.db #0x0c	; 12
      00005A C8                     159 	.db #0xc8	; 200
      00005B 38                     160 	.db #0x38	; 56	'8'
      00005C 18                     161 	.db #0x18	; 24
      00005D F8                     162 	.db #0xf8	; 248
      00005E F4                     163 	.db #0xf4	; 244
      00005F FC                     164 	.db #0xfc	; 252
      000060 D2                     165 	.db #0xd2	; 210
      000061 3E                     166 	.db #0x3e	; 62
      000062 F2                     167 	.db #0xf2	; 242
      000063 FE                     168 	.db #0xfe	; 254
      000064 9C                     169 	.db #0x9c	; 156
      000065 FC                     170 	.db #0xfc	; 252
      000066 F0                     171 	.db #0xf0	; 240
      000067 F0                     172 	.db #0xf0	; 240
      000068 0F                     173 	.db #0x0f	; 15
      000069 0F                     174 	.db #0x0f	; 15
      00006A 12                     175 	.db #0x12	; 18
      00006B 1F                     176 	.db #0x1f	; 31
      00006C 2D                     177 	.db #0x2d	; 45
      00006D 32                     178 	.db #0x32	; 50	'2'
      00006E 3F                     179 	.db #0x3f	; 63
      00006F 20                     180 	.db #0x20	; 32
      000070 3F                     181 	.db #0x3f	; 63
      000071 20                     182 	.db #0x20	; 32
      000072 3F                     183 	.db #0x3f	; 63
      000073 20                     184 	.db #0x20	; 32
      000074 2F                     185 	.db #0x2f	; 47
      000075 30                     186 	.db #0x30	; 48	'0'
      000076 2F                     187 	.db #0x2f	; 47
      000077 30                     188 	.db #0x30	; 48	'0'
      000078 13                     189 	.db #0x13	; 19
      000079 1C                     190 	.db #0x1c	; 28
      00007A 18                     191 	.db #0x18	; 24
      00007B 1F                     192 	.db #0x1f	; 31
      00007C 2F                     193 	.db #0x2f	; 47
      00007D 3F                     194 	.db #0x3f	; 63
      00007E 4B                     195 	.db #0x4b	; 75	'K'
      00007F 7C                     196 	.db #0x7c	; 124
      000080 4F                     197 	.db #0x4f	; 79	'O'
      000081 7F                     198 	.db #0x7f	; 127
      000082 3F                     199 	.db #0x3f	; 63
      000083 3F                     200 	.db #0x3f	; 63
      000084 19                     201 	.db #0x19	; 25
      000085 1F                     202 	.db #0x1f	; 31
      000086 0F                     203 	.db #0x0f	; 15
      000087 0F                     204 	.db #0x0f	; 15
      000088 F0                     205 	.db #0xf0	; 240
      000089 F0                     206 	.db #0xf0	; 240
      00008A 08                     207 	.db #0x08	; 8
      00008B F8                     208 	.db #0xf8	; 248
      00008C F4                     209 	.db #0xf4	; 244
      00008D 0C                     210 	.db #0x0c	; 12
      00008E FC                     211 	.db #0xfc	; 252
      00008F 04                     212 	.db #0x04	; 4
      000090 FC                     213 	.db #0xfc	; 252
      000091 04                     214 	.db #0x04	; 4
      000092 FC                     215 	.db #0xfc	; 252
      000093 04                     216 	.db #0x04	; 4
      000094 F4                     217 	.db #0xf4	; 244
      000095 0C                     218 	.db #0x0c	; 12
      000096 F4                     219 	.db #0xf4	; 244
      000097 0C                     220 	.db #0x0c	; 12
      000098 C8                     221 	.db #0xc8	; 200
      000099 38                     222 	.db #0x38	; 56	'8'
      00009A 18                     223 	.db #0x18	; 24
      00009B F8                     224 	.db #0xf8	; 248
      00009C F8                     225 	.db #0xf8	; 248
      00009D F8                     226 	.db #0xf8	; 248
      00009E B4                     227 	.db #0xb4	; 180
      00009F 7C                     228 	.db #0x7c	; 124
      0000A0 F4                     229 	.db #0xf4	; 244
      0000A1 FC                     230 	.db #0xfc	; 252
      0000A2 F8                     231 	.db #0xf8	; 248
      0000A3 F8                     232 	.db #0xf8	; 248
      0000A4 F0                     233 	.db #0xf0	; 240
      0000A5 F0                     234 	.db #0xf0	; 240
      0000A6 E0                     235 	.db #0xe0	; 224
      0000A7 E0                     236 	.db #0xe0	; 224
      0000A8 0F                     237 	.db #0x0f	; 15
      0000A9 0F                     238 	.db #0x0f	; 15
      0000AA 10                     239 	.db #0x10	; 16
      0000AB 1F                     240 	.db #0x1f	; 31
      0000AC 2F                     241 	.db #0x2f	; 47
      0000AD 30                     242 	.db #0x30	; 48	'0'
      0000AE 3F                     243 	.db #0x3f	; 63
      0000AF 20                     244 	.db #0x20	; 32
      0000B0 33                     245 	.db #0x33	; 51	'3'
      0000B1 2C                     246 	.db #0x2c	; 44
      0000B2 3F                     247 	.db #0x3f	; 63
      0000B3 2C                     248 	.db #0x2c	; 44
      0000B4 3F                     249 	.db #0x3f	; 63
      0000B5 2C                     250 	.db #0x2c	; 44
      0000B6 2E                     251 	.db #0x2e	; 46
      0000B7 31                     252 	.db #0x31	; 49	'1'
      0000B8 15                     253 	.db #0x15	; 21
      0000B9 1A                     254 	.db #0x1a	; 26
      0000BA 0A                     255 	.db #0x0a	; 10
      0000BB 0F                     256 	.db #0x0f	; 15
      0000BC 1F                     257 	.db #0x1f	; 31
      0000BD 1F                     258 	.db #0x1f	; 31
      0000BE 2D                     259 	.db #0x2d	; 45
      0000BF 3E                     260 	.db #0x3e	; 62
      0000C0 2F                     261 	.db #0x2f	; 47
      0000C1 37                     262 	.db #0x37	; 55	'7'
      0000C2 1C                     263 	.db #0x1c	; 28
      0000C3 1F                     264 	.db #0x1f	; 31
      0000C4 0F                     265 	.db #0x0f	; 15
      0000C5 0F                     266 	.db #0x0f	; 15
      0000C6 07                     267 	.db #0x07	; 7
      0000C7 07                     268 	.db #0x07	; 7
      0000C8 F0                     269 	.db #0xf0	; 240
      0000C9 F0                     270 	.db #0xf0	; 240
      0000CA 08                     271 	.db #0x08	; 8
      0000CB F8                     272 	.db #0xf8	; 248
      0000CC F4                     273 	.db #0xf4	; 244
      0000CD 0C                     274 	.db #0x0c	; 12
      0000CE FC                     275 	.db #0xfc	; 252
      0000CF 04                     276 	.db #0x04	; 4
      0000D0 CC                     277 	.db #0xcc	; 204
      0000D1 34                     278 	.db #0x34	; 52	'4'
      0000D2 FC                     279 	.db #0xfc	; 252
      0000D3 34                     280 	.db #0x34	; 52	'4'
      0000D4 FC                     281 	.db #0xfc	; 252
      0000D5 34                     282 	.db #0x34	; 52	'4'
      0000D6 74                     283 	.db #0x74	; 116	't'
      0000D7 8C                     284 	.db #0x8c	; 140
      0000D8 A8                     285 	.db #0xa8	; 168
      0000D9 58                     286 	.db #0x58	; 88	'X'
      0000DA 58                     287 	.db #0x58	; 88	'X'
      0000DB F8                     288 	.db #0xf8	; 248
      0000DC F4                     289 	.db #0xf4	; 244
      0000DD FC                     290 	.db #0xfc	; 252
      0000DE DE                     291 	.db #0xde	; 222
      0000DF 32                     292 	.db #0x32	; 50	'2'
      0000E0 EE                     293 	.db #0xee	; 238
      0000E1 F2                     294 	.db #0xf2	; 242
      0000E2 BC                     295 	.db #0xbc	; 188
      0000E3 7C                     296 	.db #0x7c	; 124
      0000E4 98                     297 	.db #0x98	; 152
      0000E5 F8                     298 	.db #0xf8	; 248
      0000E6 F0                     299 	.db #0xf0	; 240
      0000E7 F0                     300 	.db #0xf0	; 240
      0000E8 00                     301 	.db #0x00	; 0
      0000E9 00                     302 	.db #0x00	; 0
      0000EA 0F                     303 	.db #0x0f	; 15
      0000EB 0F                     304 	.db #0x0f	; 15
      0000EC 10                     305 	.db #0x10	; 16
      0000ED 1F                     306 	.db #0x1f	; 31
      0000EE 2F                     307 	.db #0x2f	; 47
      0000EF 30                     308 	.db #0x30	; 48	'0'
      0000F0 3F                     309 	.db #0x3f	; 63
      0000F1 20                     310 	.db #0x20	; 32
      0000F2 33                     311 	.db #0x33	; 51	'3'
      0000F3 2C                     312 	.db #0x2c	; 44
      0000F4 3F                     313 	.db #0x3f	; 63
      0000F5 2C                     314 	.db #0x2c	; 44
      0000F6 3F                     315 	.db #0x3f	; 63
      0000F7 2C                     316 	.db #0x2c	; 44
      0000F8 2E                     317 	.db #0x2e	; 46
      0000F9 31                     318 	.db #0x31	; 49	'1'
      0000FA 15                     319 	.db #0x15	; 21
      0000FB 1A                     320 	.db #0x1a	; 26
      0000FC 1A                     321 	.db #0x1a	; 26
      0000FD 1F                     322 	.db #0x1f	; 31
      0000FE 2F                     323 	.db #0x2f	; 47
      0000FF 3F                     324 	.db #0x3f	; 63
      000100 7B                     325 	.db #0x7b	; 123
      000101 4C                     326 	.db #0x4c	; 76	'L'
      000102 77                     327 	.db #0x77	; 119	'w'
      000103 4F                     328 	.db #0x4f	; 79	'O'
      000104 39                     329 	.db #0x39	; 57	'9'
      000105 3F                     330 	.db #0x3f	; 63
      000106 0F                     331 	.db #0x0f	; 15
      000107 0F                     332 	.db #0x0f	; 15
      000108 00                     333 	.db #0x00	; 0
      000109 00                     334 	.db #0x00	; 0
      00010A F0                     335 	.db #0xf0	; 240
      00010B F0                     336 	.db #0xf0	; 240
      00010C 08                     337 	.db #0x08	; 8
      00010D F8                     338 	.db #0xf8	; 248
      00010E F4                     339 	.db #0xf4	; 244
      00010F 0C                     340 	.db #0x0c	; 12
      000110 FC                     341 	.db #0xfc	; 252
      000111 04                     342 	.db #0x04	; 4
      000112 CC                     343 	.db #0xcc	; 204
      000113 34                     344 	.db #0x34	; 52	'4'
      000114 FC                     345 	.db #0xfc	; 252
      000115 34                     346 	.db #0x34	; 52	'4'
      000116 FC                     347 	.db #0xfc	; 252
      000117 34                     348 	.db #0x34	; 52	'4'
      000118 74                     349 	.db #0x74	; 116	't'
      000119 8C                     350 	.db #0x8c	; 140
      00011A A8                     351 	.db #0xa8	; 168
      00011B 58                     352 	.db #0x58	; 88	'X'
      00011C 50                     353 	.db #0x50	; 80	'P'
      00011D F0                     354 	.db #0xf0	; 240
      00011E F8                     355 	.db #0xf8	; 248
      00011F F8                     356 	.db #0xf8	; 248
      000120 B4                     357 	.db #0xb4	; 180
      000121 7C                     358 	.db #0x7c	; 124
      000122 F4                     359 	.db #0xf4	; 244
      000123 EC                     360 	.db #0xec	; 236
      000124 F8                     361 	.db #0xf8	; 248
      000125 F8                     362 	.db #0xf8	; 248
      000126 E0                     363 	.db #0xe0	; 224
      000127 E0                     364 	.db #0xe0	; 224
      000128 0F                     365 	.db #0x0f	; 15
      000129 0F                     366 	.db #0x0f	; 15
      00012A 10                     367 	.db #0x10	; 16
      00012B 1F                     368 	.db #0x1f	; 31
      00012C 2F                     369 	.db #0x2f	; 47
      00012D 30                     370 	.db #0x30	; 48	'0'
      00012E 3F                     371 	.db #0x3f	; 63
      00012F 20                     372 	.db #0x20	; 32
      000130 3C                     373 	.db #0x3c	; 60
      000131 23                     374 	.db #0x23	; 35
      000132 3F                     375 	.db #0x3f	; 63
      000133 23                     376 	.db #0x23	; 35
      000134 3F                     377 	.db #0x3f	; 63
      000135 23                     378 	.db #0x23	; 35
      000136 2F                     379 	.db #0x2f	; 47
      000137 30                     380 	.db #0x30	; 48	'0'
      000138 16                     381 	.db #0x16	; 22
      000139 19                     382 	.db #0x19	; 25
      00013A 19                     383 	.db #0x19	; 25
      00013B 1F                     384 	.db #0x1f	; 31
      00013C 1F                     385 	.db #0x1f	; 31
      00013D 1F                     386 	.db #0x1f	; 31
      00013E 3D                     387 	.db #0x3d	; 61
      00013F 26                     388 	.db #0x26	; 38
      000140 3B                     389 	.db #0x3b	; 59
      000141 27                     390 	.db #0x27	; 39
      000142 1E                     391 	.db #0x1e	; 30
      000143 1F                     392 	.db #0x1f	; 31
      000144 09                     393 	.db #0x09	; 9
      000145 0F                     394 	.db #0x0f	; 15
      000146 1F                     395 	.db #0x1f	; 31
      000147 1F                     396 	.db #0x1f	; 31
      000148 F0                     397 	.db #0xf0	; 240
      000149 F0                     398 	.db #0xf0	; 240
      00014A 08                     399 	.db #0x08	; 8
      00014B F8                     400 	.db #0xf8	; 248
      00014C F4                     401 	.db #0xf4	; 244
      00014D 0C                     402 	.db #0x0c	; 12
      00014E FC                     403 	.db #0xfc	; 252
      00014F 04                     404 	.db #0x04	; 4
      000150 CC                     405 	.db #0xcc	; 204
      000151 34                     406 	.db #0x34	; 52	'4'
      000152 FC                     407 	.db #0xfc	; 252
      000153 34                     408 	.db #0x34	; 52	'4'
      000154 FC                     409 	.db #0xfc	; 252
      000155 34                     410 	.db #0x34	; 52	'4'
      000156 F4                     411 	.db #0xf4	; 244
      000157 0C                     412 	.db #0x0c	; 12
      000158 A8                     413 	.db #0xa8	; 168
      000159 58                     414 	.db #0x58	; 88	'X'
      00015A 58                     415 	.db #0x58	; 88	'X'
      00015B F8                     416 	.db #0xf8	; 248
      00015C F8                     417 	.db #0xf8	; 248
      00015D F8                     418 	.db #0xf8	; 248
      00015E F4                     419 	.db #0xf4	; 244
      00015F 3C                     420 	.db #0x3c	; 60
      000160 F4                     421 	.db #0xf4	; 244
      000161 EC                     422 	.db #0xec	; 236
      000162 78                     423 	.db #0x78	; 120	'x'
      000163 B8                     424 	.db #0xb8	; 184
      000164 F8                     425 	.db #0xf8	; 248
      000165 F8                     426 	.db #0xf8	; 248
      000166 F0                     427 	.db #0xf0	; 240
      000167 F0                     428 	.db #0xf0	; 240
      000168 00                     429 	.db #0x00	; 0
      000169 00                     430 	.db #0x00	; 0
      00016A 0F                     431 	.db #0x0f	; 15
      00016B 0F                     432 	.db #0x0f	; 15
      00016C 10                     433 	.db #0x10	; 16
      00016D 1F                     434 	.db #0x1f	; 31
      00016E 2F                     435 	.db #0x2f	; 47
      00016F 30                     436 	.db #0x30	; 48	'0'
      000170 3F                     437 	.db #0x3f	; 63
      000171 20                     438 	.db #0x20	; 32
      000172 3C                     439 	.db #0x3c	; 60
      000173 23                     440 	.db #0x23	; 35
      000174 3F                     441 	.db #0x3f	; 63
      000175 23                     442 	.db #0x23	; 35
      000176 3F                     443 	.db #0x3f	; 63
      000177 23                     444 	.db #0x23	; 35
      000178 2F                     445 	.db #0x2f	; 47
      000179 30                     446 	.db #0x30	; 48	'0'
      00017A 16                     447 	.db #0x16	; 22
      00017B 19                     448 	.db #0x19	; 25
      00017C 19                     449 	.db #0x19	; 25
      00017D 1F                     450 	.db #0x1f	; 31
      00017E 0F                     451 	.db #0x0f	; 15
      00017F 0F                     452 	.db #0x0f	; 15
      000180 1F                     453 	.db #0x1f	; 31
      000181 16                     454 	.db #0x16	; 22
      000182 1F                     455 	.db #0x1f	; 31
      000183 19                     456 	.db #0x19	; 25
      000184 0F                     457 	.db #0x0f	; 15
      000185 0F                     458 	.db #0x0f	; 15
      000186 1F                     459 	.db #0x1f	; 31
      000187 1F                     460 	.db #0x1f	; 31
      000188 00                     461 	.db #0x00	; 0
      000189 00                     462 	.db #0x00	; 0
      00018A F0                     463 	.db #0xf0	; 240
      00018B F0                     464 	.db #0xf0	; 240
      00018C 08                     465 	.db #0x08	; 8
      00018D F8                     466 	.db #0xf8	; 248
      00018E F4                     467 	.db #0xf4	; 244
      00018F 0C                     468 	.db #0x0c	; 12
      000190 FC                     469 	.db #0xfc	; 252
      000191 04                     470 	.db #0x04	; 4
      000192 CC                     471 	.db #0xcc	; 204
      000193 34                     472 	.db #0x34	; 52	'4'
      000194 FC                     473 	.db #0xfc	; 252
      000195 34                     474 	.db #0x34	; 52	'4'
      000196 FC                     475 	.db #0xfc	; 252
      000197 34                     476 	.db #0x34	; 52	'4'
      000198 F4                     477 	.db #0xf4	; 244
      000199 0C                     478 	.db #0x0c	; 12
      00019A A8                     479 	.db #0xa8	; 168
      00019B 58                     480 	.db #0x58	; 88	'X'
      00019C 58                     481 	.db #0x58	; 88	'X'
      00019D F8                     482 	.db #0xf8	; 248
      00019E F0                     483 	.db #0xf0	; 240
      00019F F0                     484 	.db #0xf0	; 240
      0001A0 F8                     485 	.db #0xf8	; 248
      0001A1 38                     486 	.db #0x38	; 56	'8'
      0001A2 F8                     487 	.db #0xf8	; 248
      0001A3 E8                     488 	.db #0xe8	; 232
      0001A4 10                     489 	.db #0x10	; 16
      0001A5 F0                     490 	.db #0xf0	; 240
      0001A6 F0                     491 	.db #0xf0	; 240
      0001A7 F0                     492 	.db #0xf0	; 240
                           0001A8   493 G$enemyskeletor_metasprite0$0_0$0 == .
      0001A8                        494 _enemyskeletor_metasprite0:
      0001A8 FD                     495 	.db #0xfd	; -3
      0001A9 05                     496 	.db #0x05	;  5
      0001AA 00                     497 	.db #0x00	; 0
      0001AB 00                     498 	.db #0x00	; 0
      0001AC 80                     499 	.db #0x80	; -128
      0001AD 00                     500 	.db #0x00	;  0
      0001AE 00                     501 	.db #0x00	; 0
      0001AF 00                     502 	.db #0x00	; 0
                           0001B0   503 G$enemyskeletor_metasprite1$0_0$0 == .
      0001B0                        504 _enemyskeletor_metasprite1:
      0001B0 FD                     505 	.db #0xfd	; -3
      0001B1 FD                     506 	.db #0xfd	; -3
      0001B2 02                     507 	.db #0x02	; 2
      0001B3 00                     508 	.db #0x00	; 0
      0001B4 00                     509 	.db #0x00	;  0
      0001B5 08                     510 	.db #0x08	;  8
      0001B6 04                     511 	.db #0x04	; 4
      0001B7 00                     512 	.db #0x00	; 0
      0001B8 80                     513 	.db #0x80	; -128
      0001B9 00                     514 	.db #0x00	;  0
      0001BA 00                     515 	.db #0x00	; 0
      0001BB 00                     516 	.db #0x00	; 0
                           0001BC   517 G$enemyskeletor_metasprite2$0_0$0 == .
      0001BC                        518 _enemyskeletor_metasprite2:
      0001BC FD                     519 	.db #0xfd	; -3
      0001BD FD                     520 	.db #0xfd	; -3
      0001BE 06                     521 	.db #0x06	; 6
      0001BF 00                     522 	.db #0x00	; 0
      0001C0 00                     523 	.db #0x00	;  0
      0001C1 08                     524 	.db #0x08	;  8
      0001C2 08                     525 	.db #0x08	; 8
      0001C3 00                     526 	.db #0x00	; 0
      0001C4 80                     527 	.db #0x80	; -128
      0001C5 00                     528 	.db #0x00	;  0
      0001C6 00                     529 	.db #0x00	; 0
      0001C7 00                     530 	.db #0x00	; 0
                           0001C8   531 G$enemyskeletor_metasprite3$0_0$0 == .
      0001C8                        532 _enemyskeletor_metasprite3:
      0001C8 FD                     533 	.db #0xfd	; -3
      0001C9 FD                     534 	.db #0xfd	; -3
      0001CA 0A                     535 	.db #0x0a	; 10
      0001CB 00                     536 	.db #0x00	; 0
      0001CC 00                     537 	.db #0x00	;  0
      0001CD 08                     538 	.db #0x08	;  8
      0001CE 0C                     539 	.db #0x0c	; 12
      0001CF 00                     540 	.db #0x00	; 0
      0001D0 80                     541 	.db #0x80	; -128
      0001D1 00                     542 	.db #0x00	;  0
      0001D2 00                     543 	.db #0x00	; 0
      0001D3 00                     544 	.db #0x00	; 0
                           0001D4   545 G$enemyskeletor_metasprite4$0_0$0 == .
      0001D4                        546 _enemyskeletor_metasprite4:
      0001D4 FD                     547 	.db #0xfd	; -3
      0001D5 FD                     548 	.db #0xfd	; -3
      0001D6 0E                     549 	.db #0x0e	; 14
      0001D7 00                     550 	.db #0x00	; 0
      0001D8 00                     551 	.db #0x00	;  0
      0001D9 08                     552 	.db #0x08	;  8
      0001DA 10                     553 	.db #0x10	; 16
      0001DB 00                     554 	.db #0x00	; 0
      0001DC 80                     555 	.db #0x80	; -128
      0001DD 00                     556 	.db #0x00	;  0
      0001DE 00                     557 	.db #0x00	; 0
      0001DF 00                     558 	.db #0x00	; 0
                           0001E0   559 G$enemyskeletor_metasprite5$0_0$0 == .
      0001E0                        560 _enemyskeletor_metasprite5:
      0001E0 FD                     561 	.db #0xfd	; -3
      0001E1 FD                     562 	.db #0xfd	; -3
      0001E2 12                     563 	.db #0x12	; 18
      0001E3 00                     564 	.db #0x00	; 0
      0001E4 00                     565 	.db #0x00	;  0
      0001E5 08                     566 	.db #0x08	;  8
      0001E6 14                     567 	.db #0x14	; 20
      0001E7 00                     568 	.db #0x00	; 0
      0001E8 80                     569 	.db #0x80	; -128
      0001E9 00                     570 	.db #0x00	;  0
      0001EA 00                     571 	.db #0x00	; 0
      0001EB 00                     572 	.db #0x00	; 0
                           0001EC   573 G$enemyskeletor_metasprite6$0_0$0 == .
      0001EC                        574 _enemyskeletor_metasprite6:
      0001EC FD                     575 	.db #0xfd	; -3
      0001ED FD                     576 	.db #0xfd	; -3
      0001EE 16                     577 	.db #0x16	; 22
      0001EF 00                     578 	.db #0x00	; 0
      0001F0 00                     579 	.db #0x00	;  0
      0001F1 08                     580 	.db #0x08	;  8
      0001F2 18                     581 	.db #0x18	; 24
      0001F3 00                     582 	.db #0x00	; 0
      0001F4 80                     583 	.db #0x80	; -128
      0001F5 00                     584 	.db #0x00	;  0
      0001F6 00                     585 	.db #0x00	; 0
      0001F7 00                     586 	.db #0x00	; 0
                           0001F8   587 G$enemyskeletor_metasprites$0_0$0 == .
      0001F8                        588 _enemyskeletor_metasprites:
      0001F8rA8r01                  589 	.dw _enemyskeletor_metasprite0
      0001FArB0r01                  590 	.dw _enemyskeletor_metasprite1
      0001FCrBCr01                  591 	.dw _enemyskeletor_metasprite2
      0001FErC8r01                  592 	.dw _enemyskeletor_metasprite3
      000200rD4r01                  593 	.dw _enemyskeletor_metasprite4
      000202rE0r01                  594 	.dw _enemyskeletor_metasprite5
      000204rECr01                  595 	.dw _enemyskeletor_metasprite6
                           000206   596 G$enemyskeletor$0_0$0 == .
      000206                        597 _enemyskeletor:
      000206 0A                     598 	.db #0x0a	; 10
      000207 0A                     599 	.db #0x0a	; 10
      000208 1A                     600 	.db #0x1a	; 26
      000209r08r00                  601 	.dw _enemyskeletor_tiles
      00020B 01                     602 	.db #0x01	; 1
      00020Cr00r00                  603 	.dw _enemyskeletor_palettes
      00020E 07                     604 	.db #0x07	; 7
      00020FrF8r01                  605 	.dw _enemyskeletor_metasprites
                                    606 	.area _INITIALIZER
                                    607 	.area _CABS (ABS)
