                                      1 ;--------------------------------------------------------
                                      2 ; File Created by SDCC : free open source ISO C Compiler 
                                      3 ; Version 4.3.2 #14228 (MINGW64)
                                      4 ;--------------------------------------------------------
                                      5 	.module orpheus_gbr
                                      6 	.optsdcc -msm83
                                      7 	
                                      8 ;--------------------------------------------------------
                                      9 ; Public variables in this module
                                     10 ;--------------------------------------------------------
                                     11 	.globl _orpheus
                                     12 	.globl _orpheus_metasprites
                                     13 	.globl _orpheus_metasprite10
                                     14 	.globl _orpheus_metasprite9
                                     15 	.globl _orpheus_metasprite8
                                     16 	.globl _orpheus_metasprite7
                                     17 	.globl _orpheus_metasprite6
                                     18 	.globl _orpheus_metasprite5
                                     19 	.globl _orpheus_metasprite4
                                     20 	.globl _orpheus_metasprite3
                                     21 	.globl _orpheus_metasprite2
                                     22 	.globl _orpheus_metasprite1
                                     23 	.globl _orpheus_metasprite0
                                     24 	.globl _orpheus_tiles
                                     25 	.globl _orpheus_palettes
                                     26 	.globl b___func_orpheus
                                     27 	.globl ___func_orpheus
                                     28 ;--------------------------------------------------------
                                     29 ; special function registers
                                     30 ;--------------------------------------------------------
                                     31 ;--------------------------------------------------------
                                     32 ; ram data
                                     33 ;--------------------------------------------------------
                                     34 	.area _DATA
                                     35 ;--------------------------------------------------------
                                     36 ; ram data
                                     37 ;--------------------------------------------------------
                                     38 	.area _INITIALIZED
                                     39 ;--------------------------------------------------------
                                     40 ; absolute external ram data
                                     41 ;--------------------------------------------------------
                                     42 	.area _DABS (ABS)
                                     43 ;--------------------------------------------------------
                                     44 ; global & static initialisations
                                     45 ;--------------------------------------------------------
                                     46 	.area _HOME
                                     47 	.area _GSINIT
                                     48 	.area _GSFINAL
                                     49 	.area _GSINIT
                                     50 ;--------------------------------------------------------
                                     51 ; Home
                                     52 ;--------------------------------------------------------
                                     53 	.area _HOME
                                     54 	.area _HOME
                                     55 ;--------------------------------------------------------
                                     56 ; code
                                     57 ;--------------------------------------------------------
                                     58 	.area _CODE_255
                           000000    59 	G$__func_orpheus$0$0	= .
                                     60 	.globl	G$__func_orpheus$0$0
                           000000    61 	C$orpheus.gbr.c$9$0_0$161	= .
                                     62 	.globl	C$orpheus.gbr.c$9$0_0$161
                                     63 ;../Debug/res/sprites/orpheus.gbr.c:9: BANKREF(orpheus)
                                     64 ;	---------------------------------
                                     65 ; Function __func_orpheus
                                     66 ; ---------------------------------
                           0000FF    67 	b___func_orpheus	= 255
      000000                         68 ___func_orpheus::
                                     69 	.local b___func_orpheus 
                           0000FF    70 	___bank_orpheus = b___func_orpheus 
                                     71 	.globl ___bank_orpheus 
                                     72 	.area _CODE_255
                           000000    73 G$orpheus_palettes$0_0$0 == .
      000000                         74 _orpheus_palettes:
      000000 FF 7F                   75 	.dw #0x7fff
      000002 1E 53                   76 	.dw #0x531e
      000004 20 4D                   77 	.dw #0x4d20
      000006 00 00                   78 	.dw #0x0000
                           000008    79 G$orpheus_tiles$0_0$0 == .
      000008                         80 _orpheus_tiles:
      000008 00                      81 	.db #0x00	; 0
      000009 00                      82 	.db #0x00	; 0
      00000A 00                      83 	.db #0x00	; 0
      00000B 00                      84 	.db #0x00	; 0
      00000C 00                      85 	.db #0x00	; 0
      00000D 00                      86 	.db #0x00	; 0
      00000E 00                      87 	.db #0x00	; 0
      00000F 00                      88 	.db #0x00	; 0
      000010 00                      89 	.db #0x00	; 0
      000011 00                      90 	.db #0x00	; 0
      000012 00                      91 	.db #0x00	; 0
      000013 00                      92 	.db #0x00	; 0
      000014 00                      93 	.db #0x00	; 0
      000015 00                      94 	.db #0x00	; 0
      000016 00                      95 	.db #0x00	; 0
      000017 00                      96 	.db #0x00	; 0
      000018 06                      97 	.db #0x06	; 6
      000019 06                      98 	.db #0x06	; 6
      00001A 29                      99 	.db #0x29	; 41
      00001B 2F                     100 	.db #0x2f	; 47
      00001C 54                     101 	.db #0x54	; 84	'T'
      00001D 7F                     102 	.db #0x7f	; 127
      00001E 42                     103 	.db #0x42	; 66	'B'
      00001F 7F                     104 	.db #0x7f	; 127
      000020 20                     105 	.db #0x20	; 32
      000021 3F                     106 	.db #0x3f	; 63
      000022 46                     107 	.db #0x46	; 70	'F'
      000023 7D                     108 	.db #0x7d	; 125
      000024 8C                     109 	.db #0x8c	; 140
      000025 FB                     110 	.db #0xfb	; 251
      000026 0C                     111 	.db #0x0c	; 12
      000027 FB                     112 	.db #0xfb	; 251
      000028 00                     113 	.db #0x00	; 0
      000029 00                     114 	.db #0x00	; 0
      00002A 00                     115 	.db #0x00	; 0
      00002B 00                     116 	.db #0x00	; 0
      00002C 00                     117 	.db #0x00	; 0
      00002D 00                     118 	.db #0x00	; 0
      00002E 00                     119 	.db #0x00	; 0
      00002F 00                     120 	.db #0x00	; 0
      000030 00                     121 	.db #0x00	; 0
      000031 00                     122 	.db #0x00	; 0
      000032 00                     123 	.db #0x00	; 0
      000033 00                     124 	.db #0x00	; 0
      000034 00                     125 	.db #0x00	; 0
      000035 00                     126 	.db #0x00	; 0
      000036 00                     127 	.db #0x00	; 0
      000037 00                     128 	.db #0x00	; 0
      000038 00                     129 	.db #0x00	; 0
      000039 00                     130 	.db #0x00	; 0
      00003A 00                     131 	.db #0x00	; 0
      00003B 00                     132 	.db #0x00	; 0
      00003C F0                     133 	.db #0xf0	; 240
      00003D F0                     134 	.db #0xf0	; 240
      00003E 08                     135 	.db #0x08	; 8
      00003F F8                     136 	.db #0xf8	; 248
      000040 D4                     137 	.db #0xd4	; 212
      000041 3C                     138 	.db #0x3c	; 60
      000042 FE                     139 	.db #0xfe	; 254
      000043 12                     140 	.db #0x12	; 18
      000044 0F                     141 	.db #0x0f	; 15
      000045 FB                     142 	.db #0xfb	; 251
      000046 25                     143 	.db #0x25	; 37
      000047 FF                     144 	.db #0xff	; 255
      000048 84                     145 	.db #0x84	; 132
      000049 FF                     146 	.db #0xff	; 255
      00004A 97                     147 	.db #0x97	; 151
      00004B FF                     148 	.db #0xff	; 255
      00004C 08                     149 	.db #0x08	; 8
      00004D FF                     150 	.db #0xff	; 255
      00004E 8F                     151 	.db #0x8f	; 143
      00004F FA                     152 	.db #0xfa	; 250
      000050 7F                     153 	.db #0x7f	; 127
      000051 72                     154 	.db #0x72	; 114	'r'
      000052 1F                     155 	.db #0x1f	; 31
      000053 12                     156 	.db #0x12	; 18
      000054 1B                     157 	.db #0x1b	; 27
      000055 1C                     158 	.db #0x1c	; 28
      000056 3F                     159 	.db #0x3f	; 63
      000057 37                     160 	.db #0x37	; 55	'7'
      000058 7F                     161 	.db #0x7f	; 127
      000059 4C                     162 	.db #0x4c	; 76	'L'
      00005A 7F                     163 	.db #0x7f	; 127
      00005B 4F                     164 	.db #0x4f	; 79	'O'
      00005C 38                     165 	.db #0x38	; 56	'8'
      00005D 3F                     166 	.db #0x3f	; 63
      00005E 1C                     167 	.db #0x1c	; 28
      00005F 1F                     168 	.db #0x1f	; 31
      000060 0F                     169 	.db #0x0f	; 15
      000061 1F                     170 	.db #0x1f	; 31
      000062 1F                     171 	.db #0x1f	; 31
      000063 1F                     172 	.db #0x1f	; 31
      000064 0F                     173 	.db #0x0f	; 15
      000065 0F                     174 	.db #0x0f	; 15
      000066 00                     175 	.db #0x00	; 0
      000067 00                     176 	.db #0x00	; 0
      000068 20                     177 	.db #0x20	; 32
      000069 FF                     178 	.db #0xff	; 255
      00006A 75                     179 	.db #0x75	; 117	'u'
      00006B FF                     180 	.db #0xff	; 255
      00006C 95                     181 	.db #0x95	; 149
      00006D FF                     182 	.db #0xff	; 255
      00006E FE                     183 	.db #0xfe	; 254
      00006F 5E                     184 	.db #0x5e	; 94
      000070 F8                     185 	.db #0xf8	; 248
      000071 48                     186 	.db #0x48	; 72	'H'
      000072 F8                     187 	.db #0xf8	; 248
      000073 48                     188 	.db #0x48	; 72	'H'
      000074 D8                     189 	.db #0xd8	; 216
      000075 38                     190 	.db #0x38	; 56	'8'
      000076 F4                     191 	.db #0xf4	; 244
      000077 FC                     192 	.db #0xfc	; 252
      000078 9E                     193 	.db #0x9e	; 158
      000079 F2                     194 	.db #0xf2	; 242
      00007A 1F                     195 	.db #0x1f	; 31
      00007B F3                     196 	.db #0xf3	; 243
      00007C FF                     197 	.db #0xff	; 255
      00007D FD                     198 	.db #0xfd	; 253
      00007E 37                     199 	.db #0x37	; 55	'7'
      00007F FD                     200 	.db #0xfd	; 253
      000080 FF                     201 	.db #0xff	; 255
      000081 1D                     202 	.db #0x1d	; 29
      000082 1E                     203 	.db #0x1e	; 30
      000083 FE                     204 	.db #0xfe	; 254
      000084 E0                     205 	.db #0xe0	; 224
      000085 E0                     206 	.db #0xe0	; 224
      000086 00                     207 	.db #0x00	; 0
      000087 00                     208 	.db #0x00	; 0
      000088 00                     209 	.db #0x00	; 0
      000089 00                     210 	.db #0x00	; 0
      00008A 00                     211 	.db #0x00	; 0
      00008B 00                     212 	.db #0x00	; 0
      00008C 00                     213 	.db #0x00	; 0
      00008D 00                     214 	.db #0x00	; 0
      00008E 00                     215 	.db #0x00	; 0
      00008F 00                     216 	.db #0x00	; 0
      000090 00                     217 	.db #0x00	; 0
      000091 00                     218 	.db #0x00	; 0
      000092 00                     219 	.db #0x00	; 0
      000093 00                     220 	.db #0x00	; 0
      000094 00                     221 	.db #0x00	; 0
      000095 00                     222 	.db #0x00	; 0
      000096 00                     223 	.db #0x00	; 0
      000097 00                     224 	.db #0x00	; 0
      000098 00                     225 	.db #0x00	; 0
      000099 00                     226 	.db #0x00	; 0
      00009A 00                     227 	.db #0x00	; 0
      00009B 00                     228 	.db #0x00	; 0
      00009C 06                     229 	.db #0x06	; 6
      00009D 06                     230 	.db #0x06	; 6
      00009E 29                     231 	.db #0x29	; 41
      00009F 2F                     232 	.db #0x2f	; 47
      0000A0 54                     233 	.db #0x54	; 84	'T'
      0000A1 7F                     234 	.db #0x7f	; 127
      0000A2 42                     235 	.db #0x42	; 66	'B'
      0000A3 7F                     236 	.db #0x7f	; 127
      0000A4 20                     237 	.db #0x20	; 32
      0000A5 3F                     238 	.db #0x3f	; 63
      0000A6 46                     239 	.db #0x46	; 70	'F'
      0000A7 7D                     240 	.db #0x7d	; 125
      0000A8 00                     241 	.db #0x00	; 0
      0000A9 00                     242 	.db #0x00	; 0
      0000AA 00                     243 	.db #0x00	; 0
      0000AB 00                     244 	.db #0x00	; 0
      0000AC 00                     245 	.db #0x00	; 0
      0000AD 00                     246 	.db #0x00	; 0
      0000AE 00                     247 	.db #0x00	; 0
      0000AF 00                     248 	.db #0x00	; 0
      0000B0 00                     249 	.db #0x00	; 0
      0000B1 00                     250 	.db #0x00	; 0
      0000B2 00                     251 	.db #0x00	; 0
      0000B3 00                     252 	.db #0x00	; 0
      0000B4 00                     253 	.db #0x00	; 0
      0000B5 00                     254 	.db #0x00	; 0
      0000B6 00                     255 	.db #0x00	; 0
      0000B7 00                     256 	.db #0x00	; 0
      0000B8 00                     257 	.db #0x00	; 0
      0000B9 00                     258 	.db #0x00	; 0
      0000BA 00                     259 	.db #0x00	; 0
      0000BB 00                     260 	.db #0x00	; 0
      0000BC 00                     261 	.db #0x00	; 0
      0000BD 00                     262 	.db #0x00	; 0
      0000BE 00                     263 	.db #0x00	; 0
      0000BF 00                     264 	.db #0x00	; 0
      0000C0 F0                     265 	.db #0xf0	; 240
      0000C1 F0                     266 	.db #0xf0	; 240
      0000C2 08                     267 	.db #0x08	; 8
      0000C3 F8                     268 	.db #0xf8	; 248
      0000C4 D4                     269 	.db #0xd4	; 212
      0000C5 3C                     270 	.db #0x3c	; 60
      0000C6 FE                     271 	.db #0xfe	; 254
      0000C7 12                     272 	.db #0x12	; 18
      0000C8 8C                     273 	.db #0x8c	; 140
      0000C9 FB                     274 	.db #0xfb	; 251
      0000CA 0C                     275 	.db #0x0c	; 12
      0000CB FB                     276 	.db #0xfb	; 251
      0000CC 97                     277 	.db #0x97	; 151
      0000CD FF                     278 	.db #0xff	; 255
      0000CE 08                     279 	.db #0x08	; 8
      0000CF FF                     280 	.db #0xff	; 255
      0000D0 8F                     281 	.db #0x8f	; 143
      0000D1 FA                     282 	.db #0xfa	; 250
      0000D2 7F                     283 	.db #0x7f	; 127
      0000D3 72                     284 	.db #0x72	; 114	'r'
      0000D4 1F                     285 	.db #0x1f	; 31
      0000D5 12                     286 	.db #0x12	; 18
      0000D6 1B                     287 	.db #0x1b	; 27
      0000D7 1C                     288 	.db #0x1c	; 28
      0000D8 2F                     289 	.db #0x2f	; 47
      0000D9 3F                     290 	.db #0x3f	; 63
      0000DA 78                     291 	.db #0x78	; 120	'x'
      0000DB 4F                     292 	.db #0x4f	; 79	'O'
      0000DC FF                     293 	.db #0xff	; 255
      0000DD CF                     294 	.db #0xcf	; 207
      0000DE FC                     295 	.db #0xfc	; 252
      0000DF BF                     296 	.db #0xbf	; 191
      0000E0 EF                     297 	.db #0xef	; 239
      0000E1 B8                     298 	.db #0xb8	; 184
      0000E2 F8                     299 	.db #0xf8	; 248
      0000E3 BF                     300 	.db #0xbf	; 191
      0000E4 67                     301 	.db #0x67	; 103	'g'
      0000E5 67                     302 	.db #0x67	; 103	'g'
      0000E6 00                     303 	.db #0x00	; 0
      0000E7 00                     304 	.db #0x00	; 0
      0000E8 0F                     305 	.db #0x0f	; 15
      0000E9 FB                     306 	.db #0xfb	; 251
      0000EA 25                     307 	.db #0x25	; 37
      0000EB FF                     308 	.db #0xff	; 255
      0000EC 75                     309 	.db #0x75	; 117	'u'
      0000ED FF                     310 	.db #0xff	; 255
      0000EE 95                     311 	.db #0x95	; 149
      0000EF FF                     312 	.db #0xff	; 255
      0000F0 FE                     313 	.db #0xfe	; 254
      0000F1 5E                     314 	.db #0x5e	; 94
      0000F2 F8                     315 	.db #0xf8	; 248
      0000F3 48                     316 	.db #0x48	; 72	'H'
      0000F4 F8                     317 	.db #0xf8	; 248
      0000F5 48                     318 	.db #0x48	; 72	'H'
      0000F6 D8                     319 	.db #0xd8	; 216
      0000F7 38                     320 	.db #0x38	; 56	'8'
      0000F8 FC                     321 	.db #0xfc	; 252
      0000F9 EC                     322 	.db #0xec	; 236
      0000FA FE                     323 	.db #0xfe	; 254
      0000FB F2                     324 	.db #0xf2	; 242
      0000FC 1E                     325 	.db #0x1e	; 30
      0000FD F2                     326 	.db #0xf2	; 242
      0000FE 3C                     327 	.db #0x3c	; 60
      0000FF FC                     328 	.db #0xfc	; 252
      000100 E8                     329 	.db #0xe8	; 232
      000101 F8                     330 	.db #0xf8	; 248
      000102 F8                     331 	.db #0xf8	; 248
      000103 F8                     332 	.db #0xf8	; 248
      000104 F0                     333 	.db #0xf0	; 240
      000105 F0                     334 	.db #0xf0	; 240
      000106 00                     335 	.db #0x00	; 0
      000107 00                     336 	.db #0x00	; 0
      000108 00                     337 	.db #0x00	; 0
      000109 00                     338 	.db #0x00	; 0
      00010A 00                     339 	.db #0x00	; 0
      00010B 00                     340 	.db #0x00	; 0
      00010C 00                     341 	.db #0x00	; 0
      00010D 00                     342 	.db #0x00	; 0
      00010E 00                     343 	.db #0x00	; 0
      00010F 00                     344 	.db #0x00	; 0
      000110 00                     345 	.db #0x00	; 0
      000111 00                     346 	.db #0x00	; 0
      000112 00                     347 	.db #0x00	; 0
      000113 00                     348 	.db #0x00	; 0
      000114 00                     349 	.db #0x00	; 0
      000115 00                     350 	.db #0x00	; 0
      000116 00                     351 	.db #0x00	; 0
      000117 00                     352 	.db #0x00	; 0
      000118 00                     353 	.db #0x00	; 0
      000119 00                     354 	.db #0x00	; 0
      00011A 00                     355 	.db #0x00	; 0
      00011B 00                     356 	.db #0x00	; 0
      00011C 06                     357 	.db #0x06	; 6
      00011D 06                     358 	.db #0x06	; 6
      00011E 29                     359 	.db #0x29	; 41
      00011F 2F                     360 	.db #0x2f	; 47
      000120 54                     361 	.db #0x54	; 84	'T'
      000121 7F                     362 	.db #0x7f	; 127
      000122 42                     363 	.db #0x42	; 66	'B'
      000123 7F                     364 	.db #0x7f	; 127
      000124 20                     365 	.db #0x20	; 32
      000125 3F                     366 	.db #0x3f	; 63
      000126 54                     367 	.db #0x54	; 84	'T'
      000127 5F                     368 	.db #0x5f	; 95
      000128 00                     369 	.db #0x00	; 0
      000129 00                     370 	.db #0x00	; 0
      00012A 00                     371 	.db #0x00	; 0
      00012B 00                     372 	.db #0x00	; 0
      00012C 00                     373 	.db #0x00	; 0
      00012D 00                     374 	.db #0x00	; 0
      00012E 00                     375 	.db #0x00	; 0
      00012F 00                     376 	.db #0x00	; 0
      000130 00                     377 	.db #0x00	; 0
      000131 00                     378 	.db #0x00	; 0
      000132 00                     379 	.db #0x00	; 0
      000133 00                     380 	.db #0x00	; 0
      000134 00                     381 	.db #0x00	; 0
      000135 00                     382 	.db #0x00	; 0
      000136 00                     383 	.db #0x00	; 0
      000137 00                     384 	.db #0x00	; 0
      000138 00                     385 	.db #0x00	; 0
      000139 00                     386 	.db #0x00	; 0
      00013A 00                     387 	.db #0x00	; 0
      00013B 00                     388 	.db #0x00	; 0
      00013C 00                     389 	.db #0x00	; 0
      00013D 00                     390 	.db #0x00	; 0
      00013E 00                     391 	.db #0x00	; 0
      00013F 00                     392 	.db #0x00	; 0
      000140 F0                     393 	.db #0xf0	; 240
      000141 F0                     394 	.db #0xf0	; 240
      000142 08                     395 	.db #0x08	; 8
      000143 F8                     396 	.db #0xf8	; 248
      000144 04                     397 	.db #0x04	; 4
      000145 FC                     398 	.db #0xfc	; 252
      000146 0E                     399 	.db #0x0e	; 14
      000147 FA                     400 	.db #0xfa	; 250
      000148 D8                     401 	.db #0xd8	; 216
      000149 FF                     402 	.db #0xff	; 255
      00014A 28                     403 	.db #0x28	; 40
      00014B FF                     404 	.db #0xff	; 255
      00014C 84                     405 	.db #0x84	; 132
      00014D FF                     406 	.db #0xff	; 255
      00014E 94                     407 	.db #0x94	; 148
      00014F FF                     408 	.db #0xff	; 255
      000150 08                     409 	.db #0x08	; 8
      000151 FF                     410 	.db #0xff	; 255
      000152 88                     411 	.db #0x88	; 136
      000153 FF                     412 	.db #0xff	; 255
      000154 7C                     413 	.db #0x7c	; 124
      000155 7F                     414 	.db #0x7f	; 127
      000156 1F                     415 	.db #0x1f	; 31
      000157 1F                     416 	.db #0x1f	; 31
      000158 0D                     417 	.db #0x0d	; 13
      000159 0E                     418 	.db #0x0e	; 14
      00015A 3F                     419 	.db #0x3f	; 63
      00015B 30                     420 	.db #0x30	; 48	'0'
      00015C 5A                     421 	.db #0x5a	; 90	'Z'
      00015D 77                     422 	.db #0x77	; 119	'w'
      00015E 5D                     423 	.db #0x5d	; 93
      00015F 7F                     424 	.db #0x7f	; 127
      000160 39                     425 	.db #0x39	; 57	'9'
      000161 3F                     426 	.db #0x3f	; 63
      000162 1F                     427 	.db #0x1f	; 31
      000163 1F                     428 	.db #0x1f	; 31
      000164 0F                     429 	.db #0x0f	; 15
      000165 0F                     430 	.db #0x0f	; 15
      000166 00                     431 	.db #0x00	; 0
      000167 00                     432 	.db #0x00	; 0
      000168 0B                     433 	.db #0x0b	; 11
      000169 FF                     434 	.db #0xff	; 255
      00016A 25                     435 	.db #0x25	; 37
      00016B FF                     436 	.db #0xff	; 255
      00016C 20                     437 	.db #0x20	; 32
      00016D FF                     438 	.db #0xff	; 255
      00016E 15                     439 	.db #0x15	; 21
      00016F FF                     440 	.db #0xff	; 255
      000170 15                     441 	.db #0x15	; 21
      000171 FF                     442 	.db #0xff	; 255
      000172 0E                     443 	.db #0x0e	; 14
      000173 FE                     444 	.db #0xfe	; 254
      000174 18                     445 	.db #0x18	; 24
      000175 F8                     446 	.db #0xf8	; 248
      000176 F8                     447 	.db #0xf8	; 248
      000177 F8                     448 	.db #0xf8	; 248
      000178 C8                     449 	.db #0xc8	; 200
      000179 38                     450 	.db #0x38	; 56	'8'
      00017A F4                     451 	.db #0xf4	; 244
      00017B 0C                     452 	.db #0x0c	; 12
      00017C EE                     453 	.db #0xee	; 238
      00017D 12                     454 	.db #0x12	; 18
      00017E 77                     455 	.db #0x77	; 119	'w'
      00017F 89                     456 	.db #0x89	; 137
      000180 7F                     457 	.db #0x7f	; 127
      000181 81                     458 	.db #0x81	; 129
      000182 7F                     459 	.db #0x7f	; 127
      000183 81                     460 	.db #0x81	; 129
      000184 D2                     461 	.db #0xd2	; 210
      000185 AE                     462 	.db #0xae	; 174
      000186 00                     463 	.db #0x00	; 0
      000187 00                     464 	.db #0x00	; 0
      000188 00                     465 	.db #0x00	; 0
      000189 00                     466 	.db #0x00	; 0
      00018A 00                     467 	.db #0x00	; 0
      00018B 00                     468 	.db #0x00	; 0
      00018C 00                     469 	.db #0x00	; 0
      00018D 00                     470 	.db #0x00	; 0
      00018E 00                     471 	.db #0x00	; 0
      00018F 00                     472 	.db #0x00	; 0
      000190 00                     473 	.db #0x00	; 0
      000191 00                     474 	.db #0x00	; 0
      000192 00                     475 	.db #0x00	; 0
      000193 00                     476 	.db #0x00	; 0
      000194 00                     477 	.db #0x00	; 0
      000195 00                     478 	.db #0x00	; 0
      000196 00                     479 	.db #0x00	; 0
      000197 00                     480 	.db #0x00	; 0
      000198 00                     481 	.db #0x00	; 0
      000199 00                     482 	.db #0x00	; 0
      00019A 00                     483 	.db #0x00	; 0
      00019B 00                     484 	.db #0x00	; 0
      00019C 00                     485 	.db #0x00	; 0
      00019D 00                     486 	.db #0x00	; 0
      00019E 06                     487 	.db #0x06	; 6
      00019F 06                     488 	.db #0x06	; 6
      0001A0 29                     489 	.db #0x29	; 41
      0001A1 2F                     490 	.db #0x2f	; 47
      0001A2 54                     491 	.db #0x54	; 84	'T'
      0001A3 7F                     492 	.db #0x7f	; 127
      0001A4 42                     493 	.db #0x42	; 66	'B'
      0001A5 7F                     494 	.db #0x7f	; 127
      0001A6 20                     495 	.db #0x20	; 32
      0001A7 3F                     496 	.db #0x3f	; 63
      0001A8 00                     497 	.db #0x00	; 0
      0001A9 00                     498 	.db #0x00	; 0
      0001AA 00                     499 	.db #0x00	; 0
      0001AB 00                     500 	.db #0x00	; 0
      0001AC 00                     501 	.db #0x00	; 0
      0001AD 00                     502 	.db #0x00	; 0
      0001AE 00                     503 	.db #0x00	; 0
      0001AF 00                     504 	.db #0x00	; 0
      0001B0 00                     505 	.db #0x00	; 0
      0001B1 00                     506 	.db #0x00	; 0
      0001B2 00                     507 	.db #0x00	; 0
      0001B3 00                     508 	.db #0x00	; 0
      0001B4 00                     509 	.db #0x00	; 0
      0001B5 00                     510 	.db #0x00	; 0
      0001B6 00                     511 	.db #0x00	; 0
      0001B7 00                     512 	.db #0x00	; 0
      0001B8 00                     513 	.db #0x00	; 0
      0001B9 00                     514 	.db #0x00	; 0
      0001BA 00                     515 	.db #0x00	; 0
      0001BB 00                     516 	.db #0x00	; 0
      0001BC 00                     517 	.db #0x00	; 0
      0001BD 00                     518 	.db #0x00	; 0
      0001BE 00                     519 	.db #0x00	; 0
      0001BF 00                     520 	.db #0x00	; 0
      0001C0 00                     521 	.db #0x00	; 0
      0001C1 00                     522 	.db #0x00	; 0
      0001C2 F0                     523 	.db #0xf0	; 240
      0001C3 F0                     524 	.db #0xf0	; 240
      0001C4 08                     525 	.db #0x08	; 8
      0001C5 F8                     526 	.db #0xf8	; 248
      0001C6 04                     527 	.db #0x04	; 4
      0001C7 FC                     528 	.db #0xfc	; 252
      0001C8 74                     529 	.db #0x74	; 116	't'
      0001C9 5F                     530 	.db #0x5f	; 95
      0001CA D8                     531 	.db #0xd8	; 216
      0001CB FF                     532 	.db #0xff	; 255
      0001CC 28                     533 	.db #0x28	; 40
      0001CD FF                     534 	.db #0xff	; 255
      0001CE 84                     535 	.db #0x84	; 132
      0001CF FF                     536 	.db #0xff	; 255
      0001D0 94                     537 	.db #0x94	; 148
      0001D1 FF                     538 	.db #0xff	; 255
      0001D2 08                     539 	.db #0x08	; 8
      0001D3 FF                     540 	.db #0xff	; 255
      0001D4 8C                     541 	.db #0x8c	; 140
      0001D5 FF                     542 	.db #0xff	; 255
      0001D6 7F                     543 	.db #0x7f	; 127
      0001D7 7F                     544 	.db #0x7f	; 127
      0001D8 13                     545 	.db #0x13	; 19
      0001D9 1C                     546 	.db #0x1c	; 28
      0001DA 2F                     547 	.db #0x2f	; 47
      0001DB 30                     548 	.db #0x30	; 48	'0'
      0001DC 77                     549 	.db #0x77	; 119	'w'
      0001DD 48                     550 	.db #0x48	; 72	'H'
      0001DE EE                     551 	.db #0xee	; 238
      0001DF 91                     552 	.db #0x91	; 145
      0001E0 FE                     553 	.db #0xfe	; 254
      0001E1 81                     554 	.db #0x81	; 129
      0001E2 FE                     555 	.db #0xfe	; 254
      0001E3 81                     556 	.db #0x81	; 129
      0001E4 4B                     557 	.db #0x4b	; 75	'K'
      0001E5 75                     558 	.db #0x75	; 117	'u'
      0001E6 00                     559 	.db #0x00	; 0
      0001E7 00                     560 	.db #0x00	; 0
      0001E8 0E                     561 	.db #0x0e	; 14
      0001E9 FA                     562 	.db #0xfa	; 250
      0001EA 0B                     563 	.db #0x0b	; 11
      0001EB FF                     564 	.db #0xff	; 255
      0001EC 25                     565 	.db #0x25	; 37
      0001ED FF                     566 	.db #0xff	; 255
      0001EE 20                     567 	.db #0x20	; 32
      0001EF FF                     568 	.db #0xff	; 255
      0001F0 15                     569 	.db #0x15	; 21
      0001F1 FF                     570 	.db #0xff	; 255
      0001F2 15                     571 	.db #0x15	; 21
      0001F3 FF                     572 	.db #0xff	; 255
      0001F4 0E                     573 	.db #0x0e	; 14
      0001F5 FE                     574 	.db #0xfe	; 254
      0001F6 D8                     575 	.db #0xd8	; 216
      0001F7 F8                     576 	.db #0xf8	; 248
      0001F8 B0                     577 	.db #0xb0	; 176
      0001F9 70                     578 	.db #0x70	; 112	'p'
      0001FA FC                     579 	.db #0xfc	; 252
      0001FB 0C                     580 	.db #0x0c	; 12
      0001FC 5A                     581 	.db #0x5a	; 90	'Z'
      0001FD EE                     582 	.db #0xee	; 238
      0001FE BA                     583 	.db #0xba	; 186
      0001FF FE                     584 	.db #0xfe	; 254
      000200 9C                     585 	.db #0x9c	; 156
      000201 FC                     586 	.db #0xfc	; 252
      000202 F8                     587 	.db #0xf8	; 248
      000203 F8                     588 	.db #0xf8	; 248
      000204 F0                     589 	.db #0xf0	; 240
      000205 F0                     590 	.db #0xf0	; 240
      000206 00                     591 	.db #0x00	; 0
      000207 00                     592 	.db #0x00	; 0
      000208 00                     593 	.db #0x00	; 0
      000209 00                     594 	.db #0x00	; 0
      00020A 00                     595 	.db #0x00	; 0
      00020B 00                     596 	.db #0x00	; 0
      00020C 00                     597 	.db #0x00	; 0
      00020D 00                     598 	.db #0x00	; 0
      00020E 00                     599 	.db #0x00	; 0
      00020F 00                     600 	.db #0x00	; 0
      000210 00                     601 	.db #0x00	; 0
      000211 00                     602 	.db #0x00	; 0
      000212 00                     603 	.db #0x00	; 0
      000213 00                     604 	.db #0x00	; 0
      000214 00                     605 	.db #0x00	; 0
      000215 00                     606 	.db #0x00	; 0
      000216 00                     607 	.db #0x00	; 0
      000217 00                     608 	.db #0x00	; 0
      000218 00                     609 	.db #0x00	; 0
      000219 00                     610 	.db #0x00	; 0
      00021A 00                     611 	.db #0x00	; 0
      00021B 00                     612 	.db #0x00	; 0
      00021C F0                     613 	.db #0xf0	; 240
      00021D F0                     614 	.db #0xf0	; 240
      00021E 08                     615 	.db #0x08	; 8
      00021F F8                     616 	.db #0xf8	; 248
      000220 D4                     617 	.db #0xd4	; 212
      000221 3C                     618 	.db #0x3c	; 60
      000222 FE                     619 	.db #0xfe	; 254
      000223 12                     620 	.db #0x12	; 18
      000224 0E                     621 	.db #0x0e	; 14
      000225 FA                     622 	.db #0xfa	; 250
      000226 25                     623 	.db #0x25	; 37
      000227 FF                     624 	.db #0xff	; 255
      000228 84                     625 	.db #0x84	; 132
      000229 FF                     626 	.db #0xff	; 255
      00022A 97                     627 	.db #0x97	; 151
      00022B FF                     628 	.db #0xff	; 255
      00022C 08                     629 	.db #0x08	; 8
      00022D FF                     630 	.db #0xff	; 255
      00022E 8B                     631 	.db #0x8b	; 139
      00022F FD                     632 	.db #0xfd	; 253
      000230 77                     633 	.db #0x77	; 119	'w'
      000231 79                     634 	.db #0x79	; 121	'y'
      000232 17                     635 	.db #0x17	; 23
      000233 19                     636 	.db #0x19	; 25
      000234 1B                     637 	.db #0x1b	; 27
      000235 1C                     638 	.db #0x1c	; 28
      000236 3F                     639 	.db #0x3f	; 63
      000237 37                     640 	.db #0x37	; 55	'7'
      000238 73                     641 	.db #0x73	; 115	's'
      000239 5F                     642 	.db #0x5f	; 95
      00023A F3                     643 	.db #0xf3	; 243
      00023B BE                     644 	.db #0xbe	; 190
      00023C FF                     645 	.db #0xff	; 255
      00023D 4C                     646 	.db #0x4c	; 76	'L'
      00023E FB                     647 	.db #0xfb	; 251
      00023F 4F                     648 	.db #0x4f	; 79	'O'
      000240 FF                     649 	.db #0xff	; 255
      000241 7F                     650 	.db #0x7f	; 127
      000242 EE                     651 	.db #0xee	; 238
      000243 6F                     652 	.db #0x6f	; 111	'o'
      000244 DF                     653 	.db #0xdf	; 223
      000245 DF                     654 	.db #0xdf	; 223
      000246 00                     655 	.db #0x00	; 0
      000247 00                     656 	.db #0x00	; 0
      000248 20                     657 	.db #0x20	; 32
      000249 FF                     658 	.db #0xff	; 255
      00024A 75                     659 	.db #0x75	; 117	'u'
      00024B FF                     660 	.db #0xff	; 255
      00024C 95                     661 	.db #0x95	; 149
      00024D FF                     662 	.db #0xff	; 255
      00024E EE                     663 	.db #0xee	; 238
      00024F 3E                     664 	.db #0x3e	; 62
      000250 F8                     665 	.db #0xf8	; 248
      000251 28                     666 	.db #0x28	; 40
      000252 F8                     667 	.db #0xf8	; 248
      000253 28                     668 	.db #0x28	; 40
      000254 D0                     669 	.db #0xd0	; 208
      000255 30                     670 	.db #0x30	; 48	'0'
      000256 F0                     671 	.db #0xf0	; 240
      000257 F0                     672 	.db #0xf0	; 240
      000258 F8                     673 	.db #0xf8	; 248
      000259 18                     674 	.db #0x18	; 24
      00025A F8                     675 	.db #0xf8	; 248
      00025B B8                     676 	.db #0xb8	; 184
      00025C F0                     677 	.db #0xf0	; 240
      00025D 70                     678 	.db #0x70	; 112	'p'
      00025E B0                     679 	.db #0xb0	; 176
      00025F F0                     680 	.db #0xf0	; 240
      000260 F0                     681 	.db #0xf0	; 240
      000261 F0                     682 	.db #0xf0	; 240
      000262 18                     683 	.db #0x18	; 24
      000263 F8                     684 	.db #0xf8	; 248
      000264 F0                     685 	.db #0xf0	; 240
      000265 F0                     686 	.db #0xf0	; 240
      000266 00                     687 	.db #0x00	; 0
      000267 00                     688 	.db #0x00	; 0
      000268 8C                     689 	.db #0x8c	; 140
      000269 FB                     690 	.db #0xfb	; 251
      00026A 0C                     691 	.db #0x0c	; 12
      00026B FB                     692 	.db #0xfb	; 251
      00026C 97                     693 	.db #0x97	; 151
      00026D FF                     694 	.db #0xff	; 255
      00026E 08                     695 	.db #0x08	; 8
      00026F FF                     696 	.db #0xff	; 255
      000270 8B                     697 	.db #0x8b	; 139
      000271 FD                     698 	.db #0xfd	; 253
      000272 77                     699 	.db #0x77	; 119	'w'
      000273 79                     700 	.db #0x79	; 121	'y'
      000274 17                     701 	.db #0x17	; 23
      000275 19                     702 	.db #0x19	; 25
      000276 3B                     703 	.db #0x3b	; 59
      000277 3C                     704 	.db #0x3c	; 60
      000278 3F                     705 	.db #0x3f	; 63
      000279 3F                     706 	.db #0x3f	; 63
      00027A 79                     707 	.db #0x79	; 121	'y'
      00027B 4F                     708 	.db #0x4f	; 79	'O'
      00027C FF                     709 	.db #0xff	; 255
      00027D 98                     710 	.db #0x98	; 152
      00027E EF                     711 	.db #0xef	; 239
      00027F BF                     712 	.db #0xbf	; 191
      000280 EF                     713 	.db #0xef	; 239
      000281 B9                     714 	.db #0xb9	; 185
      000282 F8                     715 	.db #0xf8	; 248
      000283 BF                     716 	.db #0xbf	; 191
      000284 7F                     717 	.db #0x7f	; 127
      000285 7F                     718 	.db #0x7f	; 127
      000286 00                     719 	.db #0x00	; 0
      000287 00                     720 	.db #0x00	; 0
      000288 0E                     721 	.db #0x0e	; 14
      000289 FA                     722 	.db #0xfa	; 250
      00028A 25                     723 	.db #0x25	; 37
      00028B FF                     724 	.db #0xff	; 255
      00028C 75                     725 	.db #0x75	; 117	'u'
      00028D FF                     726 	.db #0xff	; 255
      00028E 95                     727 	.db #0x95	; 149
      00028F FF                     728 	.db #0xff	; 255
      000290 EE                     729 	.db #0xee	; 238
      000291 3E                     730 	.db #0x3e	; 62
      000292 F8                     731 	.db #0xf8	; 248
      000293 28                     732 	.db #0x28	; 40
      000294 F8                     733 	.db #0xf8	; 248
      000295 28                     734 	.db #0x28	; 40
      000296 D8                     735 	.db #0xd8	; 216
      000297 38                     736 	.db #0x38	; 56	'8'
      000298 E8                     737 	.db #0xe8	; 232
      000299 F8                     738 	.db #0xf8	; 248
      00029A E8                     739 	.db #0xe8	; 232
      00029B B8                     740 	.db #0xb8	; 184
      00029C F8                     741 	.db #0xf8	; 248
      00029D F8                     742 	.db #0xf8	; 248
      00029E A8                     743 	.db #0xa8	; 168
      00029F F8                     744 	.db #0xf8	; 248
      0002A0 F8                     745 	.db #0xf8	; 248
      0002A1 F8                     746 	.db #0xf8	; 248
      0002A2 78                     747 	.db #0x78	; 120	'x'
      0002A3 F8                     748 	.db #0xf8	; 248
      0002A4 F0                     749 	.db #0xf0	; 240
      0002A5 F0                     750 	.db #0xf0	; 240
      0002A6 00                     751 	.db #0x00	; 0
      0002A7 00                     752 	.db #0x00	; 0
      0002A8 84                     753 	.db #0x84	; 132
      0002A9 FF                     754 	.db #0xff	; 255
      0002AA 97                     755 	.db #0x97	; 151
      0002AB FF                     756 	.db #0xff	; 255
      0002AC 08                     757 	.db #0x08	; 8
      0002AD FF                     758 	.db #0xff	; 255
      0002AE 8B                     759 	.db #0x8b	; 139
      0002AF FD                     760 	.db #0xfd	; 253
      0002B0 77                     761 	.db #0x77	; 119	'w'
      0002B1 79                     762 	.db #0x79	; 121	'y'
      0002B2 17                     763 	.db #0x17	; 23
      0002B3 19                     764 	.db #0x19	; 25
      0002B4 1F                     765 	.db #0x1f	; 31
      0002B5 1C                     766 	.db #0x1c	; 28
      0002B6 3F                     767 	.db #0x3f	; 63
      0002B7 33                     768 	.db #0x33	; 51	'3'
      0002B8 3F                     769 	.db #0x3f	; 63
      0002B9 3E                     770 	.db #0x3e	; 62
      0002BA 73                     771 	.db #0x73	; 115	's'
      0002BB 5F                     772 	.db #0x5f	; 95
      0002BC FF                     773 	.db #0xff	; 255
      0002BD 9C                     774 	.db #0x9c	; 156
      0002BE EF                     775 	.db #0xef	; 239
      0002BF BC                     776 	.db #0xbc	; 188
      0002C0 EF                     777 	.db #0xef	; 239
      0002C1 BF                     778 	.db #0xbf	; 191
      0002C2 F1                     779 	.db #0xf1	; 241
      0002C3 BF                     780 	.db #0xbf	; 191
      0002C4 6F                     781 	.db #0x6f	; 111	'o'
      0002C5 6F                     782 	.db #0x6f	; 111	'o'
      0002C6 00                     783 	.db #0x00	; 0
      0002C7 00                     784 	.db #0x00	; 0
      0002C8 20                     785 	.db #0x20	; 32
      0002C9 FF                     786 	.db #0xff	; 255
      0002CA 75                     787 	.db #0x75	; 117	'u'
      0002CB FF                     788 	.db #0xff	; 255
      0002CC 95                     789 	.db #0x95	; 149
      0002CD FF                     790 	.db #0xff	; 255
      0002CE EE                     791 	.db #0xee	; 238
      0002CF 3E                     792 	.db #0x3e	; 62
      0002D0 F8                     793 	.db #0xf8	; 248
      0002D1 28                     794 	.db #0x28	; 40
      0002D2 F8                     795 	.db #0xf8	; 248
      0002D3 28                     796 	.db #0x28	; 40
      0002D4 D0                     797 	.db #0xd0	; 208
      0002D5 30                     798 	.db #0x30	; 48	'0'
      0002D6 F0                     799 	.db #0xf0	; 240
      0002D7 F0                     800 	.db #0xf0	; 240
      0002D8 F0                     801 	.db #0xf0	; 240
      0002D9 10                     802 	.db #0x10	; 16
      0002DA E8                     803 	.db #0xe8	; 232
      0002DB B8                     804 	.db #0xb8	; 184
      0002DC F8                     805 	.db #0xf8	; 248
      0002DD F8                     806 	.db #0xf8	; 248
      0002DE A8                     807 	.db #0xa8	; 168
      0002DF F8                     808 	.db #0xf8	; 248
      0002E0 F8                     809 	.db #0xf8	; 248
      0002E1 B8                     810 	.db #0xb8	; 184
      0002E2 88                     811 	.db #0x88	; 136
      0002E3 F8                     812 	.db #0xf8	; 248
      0002E4 F0                     813 	.db #0xf0	; 240
      0002E5 F0                     814 	.db #0xf0	; 240
      0002E6 00                     815 	.db #0x00	; 0
      0002E7 00                     816 	.db #0x00	; 0
                           0002E8   817 G$orpheus_metasprite0$0_0$0 == .
      0002E8                        818 _orpheus_metasprite0:
      0002E8 80                     819 	.db #0x80	; -128
      0002E9 00                     820 	.db #0x00	;  0
      0002EA 00                     821 	.db #0x00	; 0
      0002EB 00                     822 	.db #0x00	; 0
                           0002EC   823 G$orpheus_metasprite1$0_0$0 == .
      0002EC                        824 _orpheus_metasprite1:
      0002EC 80                     825 	.db #0x80	; -128
      0002ED 00                     826 	.db #0x00	;  0
      0002EE 00                     827 	.db #0x00	; 0
      0002EF 00                     828 	.db #0x00	; 0
                           0002F0   829 G$orpheus_metasprite2$0_0$0 == .
      0002F0                        830 _orpheus_metasprite2:
      0002F0 F2                     831 	.db #0xf2	; -14
      0002F1 FC                     832 	.db #0xfc	; -4
      0002F2 00                     833 	.db #0x00	; 0
      0002F3 00                     834 	.db #0x00	; 0
      0002F4 00                     835 	.db #0x00	;  0
      0002F5 08                     836 	.db #0x08	;  8
      0002F6 02                     837 	.db #0x02	; 2
      0002F7 00                     838 	.db #0x00	; 0
      0002F8 10                     839 	.db #0x10	;  16
      0002F9 F8                     840 	.db #0xf8	; -8
      0002FA 04                     841 	.db #0x04	; 4
      0002FB 00                     842 	.db #0x00	; 0
      0002FC 00                     843 	.db #0x00	;  0
      0002FD 08                     844 	.db #0x08	;  8
      0002FE 06                     845 	.db #0x06	; 6
      0002FF 00                     846 	.db #0x00	; 0
      000300 80                     847 	.db #0x80	; -128
      000301 00                     848 	.db #0x00	;  0
      000302 00                     849 	.db #0x00	; 0
      000303 00                     850 	.db #0x00	; 0
                           000304   851 G$orpheus_metasprite3$0_0$0 == .
      000304                        852 _orpheus_metasprite3:
      000304 F2                     853 	.db #0xf2	; -14
      000305 FC                     854 	.db #0xfc	; -4
      000306 08                     855 	.db #0x08	; 8
      000307 00                     856 	.db #0x00	; 0
      000308 00                     857 	.db #0x00	;  0
      000309 08                     858 	.db #0x08	;  8
      00030A 0A                     859 	.db #0x0a	; 10
      00030B 00                     860 	.db #0x00	; 0
      00030C 10                     861 	.db #0x10	;  16
      00030D F8                     862 	.db #0xf8	; -8
      00030E 0C                     863 	.db #0x0c	; 12
      00030F 00                     864 	.db #0x00	; 0
      000310 00                     865 	.db #0x00	;  0
      000311 08                     866 	.db #0x08	;  8
      000312 0E                     867 	.db #0x0e	; 14
      000313 00                     868 	.db #0x00	; 0
      000314 80                     869 	.db #0x80	; -128
      000315 00                     870 	.db #0x00	;  0
      000316 00                     871 	.db #0x00	; 0
      000317 00                     872 	.db #0x00	; 0
                           000318   873 G$orpheus_metasprite4$0_0$0 == .
      000318                        874 _orpheus_metasprite4:
      000318 80                     875 	.db #0x80	; -128
      000319 00                     876 	.db #0x00	;  0
      00031A 00                     877 	.db #0x00	; 0
      00031B 00                     878 	.db #0x00	; 0
                           00031C   879 G$orpheus_metasprite5$0_0$0 == .
      00031C                        880 _orpheus_metasprite5:
      00031C F2                     881 	.db #0xf2	; -14
      00031D FC                     882 	.db #0xfc	; -4
      00031E 10                     883 	.db #0x10	; 16
      00031F 00                     884 	.db #0x00	; 0
      000320 00                     885 	.db #0x00	;  0
      000321 08                     886 	.db #0x08	;  8
      000322 12                     887 	.db #0x12	; 18
      000323 00                     888 	.db #0x00	; 0
      000324 10                     889 	.db #0x10	;  16
      000325 F8                     890 	.db #0xf8	; -8
      000326 14                     891 	.db #0x14	; 20
      000327 00                     892 	.db #0x00	; 0
      000328 00                     893 	.db #0x00	;  0
      000329 08                     894 	.db #0x08	;  8
      00032A 16                     895 	.db #0x16	; 22
      00032B 00                     896 	.db #0x00	; 0
      00032C 80                     897 	.db #0x80	; -128
      00032D 00                     898 	.db #0x00	;  0
      00032E 00                     899 	.db #0x00	; 0
      00032F 00                     900 	.db #0x00	; 0
                           000330   901 G$orpheus_metasprite6$0_0$0 == .
      000330                        902 _orpheus_metasprite6:
      000330 F2                     903 	.db #0xf2	; -14
      000331 FC                     904 	.db #0xfc	; -4
      000332 18                     905 	.db #0x18	; 24
      000333 00                     906 	.db #0x00	; 0
      000334 00                     907 	.db #0x00	;  0
      000335 08                     908 	.db #0x08	;  8
      000336 1A                     909 	.db #0x1a	; 26
      000337 00                     910 	.db #0x00	; 0
      000338 10                     911 	.db #0x10	;  16
      000339 F8                     912 	.db #0xf8	; -8
      00033A 1C                     913 	.db #0x1c	; 28
      00033B 00                     914 	.db #0x00	; 0
      00033C 00                     915 	.db #0x00	;  0
      00033D 08                     916 	.db #0x08	;  8
      00033E 1E                     917 	.db #0x1e	; 30
      00033F 00                     918 	.db #0x00	; 0
      000340 80                     919 	.db #0x80	; -128
      000341 00                     920 	.db #0x00	;  0
      000342 00                     921 	.db #0x00	; 0
      000343 00                     922 	.db #0x00	; 0
                           000344   923 G$orpheus_metasprite7$0_0$0 == .
      000344                        924 _orpheus_metasprite7:
      000344 80                     925 	.db #0x80	; -128
      000345 00                     926 	.db #0x00	;  0
      000346 00                     927 	.db #0x00	; 0
      000347 00                     928 	.db #0x00	; 0
                           000348   929 G$orpheus_metasprite8$0_0$0 == .
      000348                        930 _orpheus_metasprite8:
      000348 F2                     931 	.db #0xf2	; -14
      000349 FC                     932 	.db #0xfc	; -4
      00034A 00                     933 	.db #0x00	; 0
      00034B 00                     934 	.db #0x00	; 0
      00034C 00                     935 	.db #0x00	;  0
      00034D 08                     936 	.db #0x08	;  8
      00034E 20                     937 	.db #0x20	; 32
      00034F 00                     938 	.db #0x00	; 0
      000350 10                     939 	.db #0x10	;  16
      000351 F8                     940 	.db #0xf8	; -8
      000352 22                     941 	.db #0x22	; 34
      000353 00                     942 	.db #0x00	; 0
      000354 00                     943 	.db #0x00	;  0
      000355 08                     944 	.db #0x08	;  8
      000356 24                     945 	.db #0x24	; 36
      000357 00                     946 	.db #0x00	; 0
      000358 80                     947 	.db #0x80	; -128
      000359 00                     948 	.db #0x00	;  0
      00035A 00                     949 	.db #0x00	; 0
      00035B 00                     950 	.db #0x00	; 0
                           00035C   951 G$orpheus_metasprite9$0_0$0 == .
      00035C                        952 _orpheus_metasprite9:
      00035C F2                     953 	.db #0xf2	; -14
      00035D FC                     954 	.db #0xfc	; -4
      00035E 08                     955 	.db #0x08	; 8
      00035F 00                     956 	.db #0x00	; 0
      000360 00                     957 	.db #0x00	;  0
      000361 08                     958 	.db #0x08	;  8
      000362 0A                     959 	.db #0x0a	; 10
      000363 00                     960 	.db #0x00	; 0
      000364 10                     961 	.db #0x10	;  16
      000365 F8                     962 	.db #0xf8	; -8
      000366 26                     963 	.db #0x26	; 38
      000367 00                     964 	.db #0x00	; 0
      000368 00                     965 	.db #0x00	;  0
      000369 08                     966 	.db #0x08	;  8
      00036A 28                     967 	.db #0x28	; 40
      00036B 00                     968 	.db #0x00	; 0
      00036C 80                     969 	.db #0x80	; -128
      00036D 00                     970 	.db #0x00	;  0
      00036E 00                     971 	.db #0x00	; 0
      00036F 00                     972 	.db #0x00	; 0
                           000370   973 G$orpheus_metasprite10$0_0$0 == .
      000370                        974 _orpheus_metasprite10:
      000370 F2                     975 	.db #0xf2	; -14
      000371 FC                     976 	.db #0xfc	; -4
      000372 00                     977 	.db #0x00	; 0
      000373 00                     978 	.db #0x00	; 0
      000374 00                     979 	.db #0x00	;  0
      000375 08                     980 	.db #0x08	;  8
      000376 20                     981 	.db #0x20	; 32
      000377 00                     982 	.db #0x00	; 0
      000378 10                     983 	.db #0x10	;  16
      000379 F8                     984 	.db #0xf8	; -8
      00037A 2A                     985 	.db #0x2a	; 42
      00037B 00                     986 	.db #0x00	; 0
      00037C 00                     987 	.db #0x00	;  0
      00037D 08                     988 	.db #0x08	;  8
      00037E 2C                     989 	.db #0x2c	; 44
      00037F 00                     990 	.db #0x00	; 0
      000380 80                     991 	.db #0x80	; -128
      000381 00                     992 	.db #0x00	;  0
      000382 00                     993 	.db #0x00	; 0
      000383 00                     994 	.db #0x00	; 0
                           000384   995 G$orpheus_metasprites$0_0$0 == .
      000384                        996 _orpheus_metasprites:
      000384rE8r02                  997 	.dw _orpheus_metasprite0
      000386rECr02                  998 	.dw _orpheus_metasprite1
      000388rF0r02                  999 	.dw _orpheus_metasprite2
      00038Ar04r03                 1000 	.dw _orpheus_metasprite3
      00038Cr18r03                 1001 	.dw _orpheus_metasprite4
      00038Er1Cr03                 1002 	.dw _orpheus_metasprite5
      000390r30r03                 1003 	.dw _orpheus_metasprite6
      000392r44r03                 1004 	.dw _orpheus_metasprite7
      000394r48r03                 1005 	.dw _orpheus_metasprite8
      000396r5Cr03                 1006 	.dw _orpheus_metasprite9
      000398r70r03                 1007 	.dw _orpheus_metasprite10
                           00039A  1008 G$orpheus$0_0$0 == .
      00039A                       1009 _orpheus:
      00039A 08                    1010 	.db #0x08	; 8
      00039B 10                    1011 	.db #0x10	; 16
      00039C 2E                    1012 	.db #0x2e	; 46
      00039Dr08r00                 1013 	.dw _orpheus_tiles
      00039F 01                    1014 	.db #0x01	; 1
      0003A0r00r00                 1015 	.dw _orpheus_palettes
      0003A2 0B                    1016 	.db #0x0b	; 11
      0003A3r84r03                 1017 	.dw _orpheus_metasprites
                                   1018 	.area _INITIALIZER
                                   1019 	.area _CABS (ABS)
